Log file open, 03/05/23 21:45:54
LogWindows: Failed to load 'aqProf.dll' (GetLastError=126)
LogWindows: File 'aqProf.dll' does not exist
LogWindows: Failed to load 'VtuneApi.dll' (GetLastError=126)
LogWindows: File 'VtuneApi.dll' does not exist
LogWindows: Failed to load 'VtuneApi32e.dll' (GetLastError=126)
LogWindows: File 'VtuneApi32e.dll' does not exist
LogConsoleResponse: Display: Failed to find resolution value strings in scalability ini. Falling back to default.
LogConsoleResponse: Display: Failed to find resolution value strings in scalability ini. Falling back to default.
LogInit: Display: Running engine for game: ArchitectureExplorer
LogPlatformFile: Not using cached read wrapper
LogTaskGraph: Started task graph with 5 named threads and 35 total threads with 3 sets of task threads.
LogStats: Stats thread started at 0.648341
LogICUInternationalization: ICU TimeZone Detection - Raw Offset: +1:00, Platform Override: ''
LogInit: Display: Loading text-based GConfig....
LogPluginManager: Mounting plugin MeshPainting
LogPluginManager: Mounting plugin XGEController
LogPluginManager: Mounting plugin Paper2D
LogPluginManager: Mounting plugin AISupport
LogPluginManager: Mounting plugin EnvironmentQueryEditor
LogPluginManager: Mounting plugin LightPropagationVolume
LogPluginManager: Mounting plugin LiveLink
LogPluginManager: Mounting plugin OodleData
LogPluginManager: Mounting plugin OodleNetwork
LogPluginManager: Mounting plugin CameraShakePreviewer
LogPluginManager: Mounting plugin GameplayCameras
LogPluginManager: Mounting plugin AnimationSharing
LogPluginManager: Mounting plugin CLionSourceCodeAccess
LogPluginManager: Mounting plugin GitSourceControl
LogPluginManager: Mounting plugin CodeLiteSourceCodeAccess
LogPluginManager: Mounting plugin PerforceSourceControl
LogPluginManager: Mounting plugin NullSourceCodeAccess
LogPluginManager: Mounting plugin PixWinPlugin
LogPluginManager: Mounting plugin KDevelopSourceCodeAccess
LogPluginManager: Mounting plugin PlasticSourceControl
LogPluginManager: Mounting plugin PluginUtils
LogPluginManager: Mounting plugin PropertyAccessNode
LogPluginManager: Mounting plugin RiderSourceCodeAccess
LogPluginManager: Mounting plugin TextureFormatOodle
LogPluginManager: Mounting plugin SubversionSourceControl
LogPluginManager: Mounting plugin VisualStudioSourceCodeAccess
LogPluginManager: Mounting plugin VisualStudioCodeSourceCodeAccess
LogPluginManager: Mounting plugin UObjectPlugin
LogPluginManager: Mounting plugin XCodeSourceCodeAccess
LogPluginManager: Mounting plugin DatasmithContent
LogPluginManager: Mounting plugin AssetManagerEditor
LogPluginManager: Mounting plugin VariantManagerContent
LogPluginManager: Mounting plugin CryptoKeys
LogPluginManager: Mounting plugin DataValidation
LogPluginManager: Mounting plugin GameplayTagsEditor
LogPluginManager: Mounting plugin FacialAnimation
LogPluginManager: Mounting plugin GeometryMode
LogPluginManager: Mounting plugin MaterialAnalyzer
LogPluginManager: Mounting plugin MobileLauncherProfileWizard
LogPluginManager: Mounting plugin CurveEditorTools
LogPluginManager: Mounting plugin PluginBrowser
LogPluginManager: Mounting plugin SpeedTreeImporter
LogPluginManager: Mounting plugin Niagara
LogPluginManager: Mounting plugin MacGraphicsSwitching
LogPluginManager: Mounting plugin AutomationUtils
LogPluginManager: Mounting plugin ChaosClothEditor
LogPluginManager: Mounting plugin ChaosEditor
LogPluginManager: Mounting plugin ChaosCloth
LogPluginManager: Mounting plugin ChaosNiagara
LogPluginManager: Mounting plugin CharacterAI
LogPluginManager: Mounting plugin ChaosSolverPlugin
LogPluginManager: Mounting plugin AlembicImporter
LogPluginManager: Mounting plugin BackChannel
LogPluginManager: Mounting plugin GeometryCache
LogPluginManager: Mounting plugin GeometryProcessing
LogPluginManager: Mounting plugin LuminPlatformFeatures
LogPluginManager: Mounting plugin MagicLeap
LogPluginManager: Mounting plugin GeometryCollectionPlugin
LogPluginManager: Mounting plugin MotoSynth
LogPluginManager: Mounting plugin OpenImageDenoise
LogPluginManager: Mounting plugin ProxyLODPlugin
LogPluginManager: Mounting plugin MagicLeapLightEstimation
LogPluginManager: Mounting plugin PlanarCut
LogPluginManager: Mounting plugin MagicLeapMedia
LogPluginManager: Mounting plugin PythonScriptPlugin
LogPluginManager: Mounting plugin SkeletalReduction
LogPluginManager: Mounting plugin PlatformCrypto
LogPluginManager: Mounting plugin MLSDK
LogPluginManager: Mounting plugin MagicLeapPassableWorld
LogPluginManager: Mounting plugin AvfMedia
LogPluginManager: Mounting plugin AndroidMedia
LogPluginManager: Mounting plugin WebMMedia
LogPluginManager: Mounting plugin WmfMedia
LogPluginManager: Mounting plugin MediaPlayerEditor
LogPluginManager: Mounting plugin MediaCompositing
LogPluginManager: Mounting plugin ImgMedia
LogPluginManager: Mounting plugin LevelSequenceEditor
LogPluginManager: Mounting plugin MatineeToLevelSequence
LogPluginManager: Mounting plugin ActorSequence
LogPluginManager: Mounting plugin TemplateSequence
LogPluginManager: Mounting plugin OnlineSubsystem
LogPluginManager: Mounting plugin LauncherChunkInstaller
LogPluginManager: Mounting plugin OnlineSubsystemUtils
LogPluginManager: Mounting plugin TcpMessaging
LogPluginManager: Mounting plugin UdpMessaging
LogPluginManager: Mounting plugin OnlineSubsystemNull
LogPluginManager: Mounting plugin AndroidDeviceProfileSelector
LogPluginManager: Mounting plugin ActorLayerUtilities
LogPluginManager: Mounting plugin AndroidPermission
LogPluginManager: Mounting plugin AndroidMoviePlayer
LogPluginManager: Mounting plugin AppleImageUtils
LogPluginManager: Mounting plugin AssetTags
LogPluginManager: Mounting plugin ArchVisCharacter
LogPluginManager: Mounting plugin AudioCapture
LogPluginManager: Mounting plugin CableComponent
LogPluginManager: Mounting plugin AudioSynesthesia
LogPluginManager: Mounting plugin EditableMesh
LogPluginManager: Mounting plugin ExampleDeviceProfileSelector
LogPluginManager: Mounting plugin CustomMeshComponent
LogPluginManager: Mounting plugin GooglePAD
LogPluginManager: Mounting plugin GoogleCloudMessaging
LogPluginManager: Mounting plugin AppleMoviePlayer
LogPluginManager: Mounting plugin ChunkDownloader
LogPluginManager: Mounting plugin IOSDeviceProfileSelector
LogPluginManager: Mounting plugin LinuxDeviceProfileSelector
LogPluginManager: Mounting plugin LocationServicesBPLibrary
LogPluginManager: Mounting plugin MobilePatchingUtils
LogPluginManager: Mounting plugin OpenXR
LogPluginManager: Mounting plugin OpenXRHandTracking
LogPluginManager: Mounting plugin OpenXREyeTracker
LogPluginManager: Mounting plugin PhysXVehicles
LogPluginManager: Mounting plugin PostSplashScreen
LogPluginManager: Mounting plugin ProceduralMeshComponent
LogPluginManager: Mounting plugin PropertyAccessEditor
LogPluginManager: Mounting plugin SignificanceManager
LogPluginManager: Mounting plugin RuntimePhysXCooking
LogPluginManager: Mounting plugin SoundFields
LogPluginManager: Mounting plugin Synthesis
LogPluginManager: Mounting plugin WindowsMoviePlayer
LogPluginManager: Mounting plugin WebMMoviePlayer
LogPluginManager: Mounting plugin ScreenshotTools
LogPluginManager: Mounting plugin Takes
LogPluginManager: Mounting plugin ContentBrowserAssetDataSource
LogPluginManager: Mounting plugin ContentBrowserFileDataSource
LogPluginManager: Mounting plugin ContentBrowserClassDataSource
LogPluginManager: Mounting plugin OnlineSubsystemGooglePlay
LogPluginManager: Mounting plugin OnlineSubsystemIOS
LogPluginManager: Mounting plugin OculusVR
LogPluginManager: Mounting plugin SteamVR
PixWinPlugin: PIX capture plugin failed to initialize! Check that the process is launched from PIX.
LogInit: Using libcurl 7.55.1-DEV
LogInit:  - built for x86_64-pc-win32
LogInit:  - supports SSL with OpenSSL/1.1.1
LogInit:  - supports HTTP deflate (compression) using libz 1.2.8
LogInit:  - other features:
LogInit:      CURL_VERSION_SSL
LogInit:      CURL_VERSION_LIBZ
LogInit:      CURL_VERSION_IPV6
LogInit:      CURL_VERSION_ASYNCHDNS
LogInit:      CURL_VERSION_LARGEFILE
LogInit:      CURL_VERSION_IDN
LogInit:  CurlRequestOptions (configurable via config and command line):
LogInit:  - bVerifyPeer = true  - Libcurl will verify peer certificate
LogInit:  - bUseHttpProxy = false  - Libcurl will NOT use HTTP proxy
LogInit:  - bDontReuseConnections = false  - Libcurl will reuse connections
LogInit:  - MaxHostConnections = 16  - Libcurl will limit the number of connections to a host
LogInit:  - LocalHostAddr = Default
LogInit:  - BufferSize = 65536
LogOnline: OSS: Creating online subsystem instance for: NULL
LogInit: WinSock: version 1.1 (2.2), MaxSocks=32767, MaxUdp=65467
LogOnline: OSS: TryLoadSubsystemAndSetDefault: Loaded subsystem for module [NULL]
LogOculusPluginWrapper: OculusPlugin initialized successfully
LogHMD: FOculusHMDModule PreInit successfully
LogInit: Build: ++UE4+Release-4.27-CL-18319896
LogInit: Engine Version: 4.27.2-18319896+++UE4+Release-4.27
LogInit: Compatible Engine Version: 4.27.0-17155196+++UE4+Release-4.27
LogInit: Net CL: 17155196
LogInit: OS: Windows 10 (Release 1809) (), CPU: Intel(R) Core(TM) i7-8750H CPU @ 2.20GHz, GPU: Intel(R) UHD Graphics 630
LogInit: Compiled (64-bit): Nov 30 2021 07:12:08
LogInit: Compiled with Visual C++: 19.24.28315.00
LogInit: Build Configuration: Development
LogInit: Branch Name: ++UE4+Release-4.27
LogInit: Command Line:  -EpicPortal -epicusername="Daniel Tomás" -epicuserid=9ce92037221e4e2bbdb046081797da5b -epiclocale=en -epicsandboxid=ue
LogInit: Base Directory: D:/Epic Games/UE_4.27/Engine/Binaries/Win64/
LogInit: Allocator: TBB
LogInit: Installed Engine Build: 1
LogDevObjectVersion: Number of dev versions registered: 29
LogDevObjectVersion:   Dev-Blueprints (B0D832E4-1F89-4F0D-ACCF-7EB736FD4AA2): 10
LogDevObjectVersion:   Dev-Build (E1C64328-A22C-4D53-A36C-8E866417BD8C): 0
LogDevObjectVersion:   Dev-Core (375EC13C-06E4-48FB-B500-84F0262A717E): 4
LogDevObjectVersion:   Dev-Editor (E4B068ED-F494-42E9-A231-DA0B2E46BB41): 40
LogDevObjectVersion:   Dev-Framework (CFFC743F-43B0-4480-9391-14DF171D2073): 37
LogDevObjectVersion:   Dev-Mobile (B02B49B5-BB20-44E9-A304-32B752E40360): 3
LogDevObjectVersion:   Dev-Networking (A4E4105C-59A1-49B5-A7C5-40C4547EDFEE): 0
LogDevObjectVersion:   Dev-Online (39C831C9-5AE6-47DC-9A44-9C173E1C8E7C): 0
LogDevObjectVersion:   Dev-Physics (78F01B33-EBEA-4F98-B9B4-84EACCB95AA2): 14
LogDevObjectVersion:   Dev-Platform (6631380F-2D4D-43E0-8009-CF276956A95A): 0
LogDevObjectVersion:   Dev-Rendering (12F88B9F-8875-4AFC-A67C-D90C383ABD29): 45
LogDevObjectVersion:   Dev-Sequencer (7B5AE74C-D270-4C10-A958-57980B212A5A): 13
LogDevObjectVersion:   Dev-VR (D7296918-1DD6-4BDD-9DE2-64A83CC13884): 3
LogDevObjectVersion:   Dev-LoadTimes (C2A15278-BFE7-4AFE-6C17-90FF531DF755): 1
LogDevObjectVersion:   Private-Geometry (6EACA3D4-40EC-4CC1-B786-8BED09428FC5): 3
LogDevObjectVersion:   Dev-AnimPhys (29E575DD-E0A3-4627-9D10-D276232CDCEA): 17
LogDevObjectVersion:   Dev-Anim (AF43A65D-7FD3-4947-9873-3E8ED9C1BB05): 15
LogDevObjectVersion:   Dev-ReflectionCapture (6B266CEC-1EC7-4B8F-A30B-E4D90942FC07): 1
LogDevObjectVersion:   Dev-Automation (0DF73D61-A23F-47EA-B727-89E90C41499A): 1
LogDevObjectVersion:   FortniteMain (601D1886-AC64-4F84-AA16-D3DE0DEAC7D6): 47
LogDevObjectVersion:   FortniteRelease (E7086368-6B23-4C58-8439-1B7016265E91): 1
LogDevObjectVersion:   Dev-Enterprise (9DFFBCD6-494F-0158-E221-12823C92A888): 10
LogDevObjectVersion:   Dev-Niagara (F2AED0AC-9AFE-416F-8664-AA7FFA26D6FC): 1
LogDevObjectVersion:   Dev-Destruction (174F1F0B-B4C6-45A5-B13F-2EE8D0FB917D): 10
LogDevObjectVersion:   Dev-Physics-Ext (35F94A83-E258-406C-A318-09F59610247C): 41
LogDevObjectVersion:   Dev-PhysicsMaterial-Chaos (B68FC16E-8B1B-42E2-B453-215C058844FE): 1
LogDevObjectVersion:   Dev-CineCamera (B2E18506-4273-CFC2-A54E-F4BB758BBA07): 1
LogDevObjectVersion:   Dev-VirtualProduction (64F58936-FD1B-42BA-BA96-7289D5D0FA4E): 1
LogDevObjectVersion:   Dev-MediaFramework (6F0ED827-A609-4895-9C91-998D90180EA4): 2
LogInit: Presizing for max 25165824 objects, including 0 objects not considered by GC, pre-allocating 0 bytes for permanent pool.
LogConfig: Applying CVar settings from Section [/Script/Engine.StreamingSettings] File [D:/Dev/Unreal/UnrealVRFundamentals/ArchitectureExplorer/Saved/Config/Windows/Engine.ini]
LogConfig: Setting CVar [[s.MinBulkDataSizeForAsyncLoading:131072]]
LogConfig: Setting CVar [[s.AsyncLoadingThreadEnabled:0]]
LogConfig: Setting CVar [[s.EventDrivenLoaderEnabled:1]]
LogConfig: Setting CVar [[s.WarnIfTimeLimitExceeded:0]]
LogConfig: Setting CVar [[s.TimeLimitExceededMultiplier:1.5]]
LogConfig: Setting CVar [[s.TimeLimitExceededMinTime:0.005]]
LogConfig: Setting CVar [[s.UseBackgroundLevelStreaming:1]]
LogConfig: Setting CVar [[s.PriorityAsyncLoadingExtraTime:15.0]]
LogConfig: Setting CVar [[s.LevelStreamingActorsUpdateTimeLimit:5.0]]
LogConfig: Setting CVar [[s.PriorityLevelStreamingActorsUpdateExtraTime:5.0]]
LogConfig: Setting CVar [[s.LevelStreamingComponentsRegistrationGranularity:10]]
LogConfig: Setting CVar [[s.UnregisterComponentsTimeLimit:1.0]]
LogConfig: Setting CVar [[s.LevelStreamingComponentsUnregistrationGranularity:5]]
LogConfig: Setting CVar [[s.FlushStreamingOnExit:1]]
LogInit: Object subsystem initialized
LogConfig: Setting CVar [[con.DebugEarlyDefault:1]]
LogConfig: Setting CVar [[r.setres:1280x720]]
[2023.03.05-20.45.55:450][  0]LogConfig: Setting CVar [[r.VSync:0]]
[2023.03.05-20.45.55:450][  0]LogConfig: Setting CVar [[r.RHICmdBypass:0]]
[2023.03.05-20.45.55:450][  0]LogConfig: Applying CVar settings from Section [/Script/Engine.RendererSettings] File [D:/Dev/Unreal/UnrealVRFundamentals/ArchitectureExplorer/Saved/Config/Windows/Engine.ini]
[2023.03.05-20.45.55:450][  0]LogConfig: Setting CVar [[r.GPUCrashDebugging:0]]
[2023.03.05-20.45.55:450][  0]LogConfig: Applying CVar settings from Section [/Script/Engine.RendererOverrideSettings] File [D:/Dev/Unreal/UnrealVRFundamentals/ArchitectureExplorer/Saved/Config/Windows/Engine.ini]
[2023.03.05-20.45.55:450][  0]LogConfig: Applying CVar settings from Section [/Script/Engine.StreamingSettings] File [D:/Dev/Unreal/UnrealVRFundamentals/ArchitectureExplorer/Saved/Config/Windows/Engine.ini]
[2023.03.05-20.45.55:450][  0]LogConfig: Setting CVar [[s.MinBulkDataSizeForAsyncLoading:131072]]
[2023.03.05-20.45.55:450][  0]LogConfig: Setting CVar [[s.AsyncLoadingThreadEnabled:0]]
[2023.03.05-20.45.55:450][  0]LogConfig: Setting CVar [[s.EventDrivenLoaderEnabled:1]]
[2023.03.05-20.45.55:450][  0]LogConfig: Setting CVar [[s.WarnIfTimeLimitExceeded:0]]
[2023.03.05-20.45.55:450][  0]LogConfig: Setting CVar [[s.TimeLimitExceededMultiplier:1.5]]
[2023.03.05-20.45.55:450][  0]LogConfig: Setting CVar [[s.TimeLimitExceededMinTime:0.005]]
[2023.03.05-20.45.55:450][  0]LogConfig: Setting CVar [[s.UseBackgroundLevelStreaming:1]]
[2023.03.05-20.45.55:450][  0]LogConfig: Setting CVar [[s.PriorityAsyncLoadingExtraTime:15.0]]
[2023.03.05-20.45.55:450][  0]LogConfig: Setting CVar [[s.LevelStreamingActorsUpdateTimeLimit:5.0]]
[2023.03.05-20.45.55:450][  0]LogConfig: Setting CVar [[s.PriorityLevelStreamingActorsUpdateExtraTime:5.0]]
[2023.03.05-20.45.55:450][  0]LogConfig: Setting CVar [[s.LevelStreamingComponentsRegistrationGranularity:10]]
[2023.03.05-20.45.55:450][  0]LogConfig: Setting CVar [[s.UnregisterComponentsTimeLimit:1.0]]
[2023.03.05-20.45.55:450][  0]LogConfig: Setting CVar [[s.LevelStreamingComponentsUnregistrationGranularity:5]]
[2023.03.05-20.45.55:450][  0]LogConfig: Setting CVar [[s.FlushStreamingOnExit:1]]
[2023.03.05-20.45.55:450][  0]LogConfig: Applying CVar settings from Section [/Script/Engine.GarbageCollectionSettings] File [D:/Dev/Unreal/UnrealVRFundamentals/ArchitectureExplorer/Saved/Config/Windows/Engine.ini]
[2023.03.05-20.45.55:450][  0]LogConfig: Setting CVar [[gc.MaxObjectsNotConsideredByGC:1]]
[2023.03.05-20.45.55:450][  0]LogConfig: Setting CVar [[gc.SizeOfPermanentObjectPool:0]]
[2023.03.05-20.45.55:450][  0]LogConfig: Setting CVar [[gc.FlushStreamingOnGC:0]]
[2023.03.05-20.45.55:450][  0]LogConfig: Setting CVar [[gc.NumRetriesBeforeForcingGC:10]]
[2023.03.05-20.45.55:450][  0]LogConfig: Setting CVar [[gc.AllowParallelGC:1]]
[2023.03.05-20.45.55:450][  0]LogConfig: Setting CVar [[gc.TimeBetweenPurgingPendingKillObjects:61.1]]
[2023.03.05-20.45.55:450][  0]LogConfig: Setting CVar [[gc.MaxObjectsInEditor:25165824]]
[2023.03.05-20.45.55:450][  0]LogConfig: Setting CVar [[gc.IncrementalBeginDestroyEnabled:1]]
[2023.03.05-20.45.55:450][  0]LogConfig: Setting CVar [[gc.CreateGCClusters:1]]
[2023.03.05-20.45.55:450][  0]LogConfig: Setting CVar [[gc.MinGCClusterSize:5]]
[2023.03.05-20.45.55:450][  0]LogConfig: Setting CVar [[gc.ActorClusteringEnabled:0]]
[2023.03.05-20.45.55:450][  0]LogConfig: Setting CVar [[gc.BlueprintClusteringEnabled:0]]
[2023.03.05-20.45.55:450][  0]LogConfig: Setting CVar [[gc.UseDisregardForGCOnDedicatedServers:0]]
[2023.03.05-20.45.55:450][  0]LogConfig: Setting CVar [[gc.MultithreadedDestructionEnabled:1]]
[2023.03.05-20.45.55:450][  0]LogConfig: Applying CVar settings from Section [/Script/Engine.NetworkSettings] File [D:/Dev/Unreal/UnrealVRFundamentals/ArchitectureExplorer/Saved/Config/Windows/Engine.ini]
[2023.03.05-20.45.55:450][  0]LogConfig: Applying CVar settings from Section [/Script/UnrealEd.CookerSettings] File [D:/Dev/Unreal/UnrealVRFundamentals/ArchitectureExplorer/Saved/Config/Windows/Engine.ini]
[2023.03.05-20.45.55:481][  0]LogConfig: Applying CVar settings from Section [ViewDistanceQuality@3] File [D:/Dev/Unreal/UnrealVRFundamentals/ArchitectureExplorer/Saved/Config/Windows/Scalability.ini]
[2023.03.05-20.45.55:481][  0]LogConfig: Setting CVar [[r.SkeletalMeshLODBias:0]]
[2023.03.05-20.45.55:481][  0]LogConfig: Setting CVar [[r.ViewDistanceScale:1.0]]
[2023.03.05-20.45.55:481][  0]LogConfig: Applying CVar settings from Section [AntiAliasingQuality@3] File [D:/Dev/Unreal/UnrealVRFundamentals/ArchitectureExplorer/Saved/Config/Windows/Scalability.ini]
[2023.03.05-20.45.55:481][  0]LogConfig: Setting CVar [[r.PostProcessAAQuality:4]]
[2023.03.05-20.45.55:481][  0]LogConfig: Applying CVar settings from Section [ShadowQuality@3] File [D:/Dev/Unreal/UnrealVRFundamentals/ArchitectureExplorer/Saved/Config/Windows/Scalability.ini]
[2023.03.05-20.45.55:481][  0]LogConfig: Setting CVar [[r.LightFunctionQuality:1]]
[2023.03.05-20.45.55:481][  0]LogConfig: Setting CVar [[r.ShadowQuality:5]]
[2023.03.05-20.45.55:481][  0]LogConfig: Setting CVar [[r.Shadow.CSM.MaxCascades:10]]
[2023.03.05-20.45.55:481][  0]LogConfig: Setting CVar [[r.Shadow.MaxResolution:2048]]
[2023.03.05-20.45.55:481][  0]LogConfig: Setting CVar [[r.Shadow.MaxCSMResolution:2048]]
[2023.03.05-20.45.55:481][  0]LogConfig: Setting CVar [[r.Shadow.RadiusThreshold:0.01]]
[2023.03.05-20.45.55:481][  0]LogConfig: Setting CVar [[r.Shadow.DistanceScale:1.0]]
[2023.03.05-20.45.55:481][  0]LogConfig: Setting CVar [[r.Shadow.CSM.TransitionScale:1.0]]
[2023.03.05-20.45.55:481][  0]LogConfig: Setting CVar [[r.Shadow.PreShadowResolutionFactor:1.0]]
[2023.03.05-20.45.55:482][  0]LogConfig: Setting CVar [[r.DistanceFieldShadowing:1]]
[2023.03.05-20.45.55:482][  0]LogConfig: Setting CVar [[r.DistanceFieldAO:1]]
[2023.03.05-20.45.55:482][  0]LogConfig: Setting CVar [[r.AOQuality:2]]
[2023.03.05-20.45.55:482][  0]LogConfig: Setting CVar [[r.VolumetricFog:1]]
[2023.03.05-20.45.55:482][  0]LogConfig: Setting CVar [[r.VolumetricFog.GridPixelSize:8]]
[2023.03.05-20.45.55:482][  0]LogConfig: Setting CVar [[r.VolumetricFog.GridSizeZ:128]]
[2023.03.05-20.45.55:482][  0]LogConfig: Setting CVar [[r.VolumetricFog.HistoryMissSupersampleCount:4]]
[2023.03.05-20.45.55:482][  0]LogConfig: Setting CVar [[r.LightMaxDrawDistanceScale:1]]
[2023.03.05-20.45.55:482][  0]LogConfig: Setting CVar [[r.CapsuleShadows:1]]
[2023.03.05-20.45.55:482][  0]LogConfig: Applying CVar settings from Section [PostProcessQuality@3] File [D:/Dev/Unreal/UnrealVRFundamentals/ArchitectureExplorer/Saved/Config/Windows/Scalability.ini]
[2023.03.05-20.45.55:482][  0]LogConfig: Setting CVar [[r.MotionBlurQuality:4]]
[2023.03.05-20.45.55:482][  0]LogConfig: Setting CVar [[r.AmbientOcclusionMipLevelFactor:0.4]]
[2023.03.05-20.45.55:482][  0]LogConfig: Setting CVar [[r.AmbientOcclusionMaxQuality:100]]
[2023.03.05-20.45.55:482][  0]LogConfig: Setting CVar [[r.AmbientOcclusionLevels:-1]]
[2023.03.05-20.45.55:482][  0]LogConfig: Setting CVar [[r.AmbientOcclusionRadiusScale:1.0]]
[2023.03.05-20.45.55:482][  0]LogConfig: Setting CVar [[r.DepthOfFieldQuality:2]]
[2023.03.05-20.45.55:482][  0]LogConfig: Setting CVar [[r.RenderTargetPoolMin:400]]
[2023.03.05-20.45.55:482][  0]LogConfig: Setting CVar [[r.LensFlareQuality:2]]
[2023.03.05-20.45.55:482][  0]LogConfig: Setting CVar [[r.SceneColorFringeQuality:1]]
[2023.03.05-20.45.55:482][  0]LogConfig: Setting CVar [[r.EyeAdaptationQuality:2]]
[2023.03.05-20.45.55:482][  0]LogConfig: Setting CVar [[r.BloomQuality:5]]
[2023.03.05-20.45.55:482][  0]LogConfig: Setting CVar [[r.FastBlurThreshold:100]]
[2023.03.05-20.45.55:482][  0]LogConfig: Setting CVar [[r.Upscale.Quality:3]]
[2023.03.05-20.45.55:482][  0]LogConfig: Setting CVar [[r.Tonemapper.GrainQuantization:1]]
[2023.03.05-20.45.55:482][  0]LogConfig: Setting CVar [[r.LightShaftQuality:1]]
[2023.03.05-20.45.55:482][  0]LogConfig: Setting CVar [[r.Filter.SizeScale:1]]
[2023.03.05-20.45.55:482][  0]LogConfig: Setting CVar [[r.Tonemapper.Quality:5]]
[2023.03.05-20.45.55:482][  0]LogConfig: Setting CVar [[r.DOF.Gather.AccumulatorQuality:1        ; higher gathering accumulator quality]]
[2023.03.05-20.45.55:482][  0]LogConfig: Setting CVar [[r.DOF.Gather.PostfilterMethod:1          ; Median3x3 postfilering method]]
[2023.03.05-20.45.55:482][  0]LogConfig: Setting CVar [[r.DOF.Gather.EnableBokehSettings:0       ; no bokeh simulation when gathering]]
[2023.03.05-20.45.55:482][  0]LogConfig: Setting CVar [[r.DOF.Gather.RingCount:4                 ; medium number of samples when gathering]]
[2023.03.05-20.45.55:482][  0]LogConfig: Setting CVar [[r.DOF.Scatter.ForegroundCompositing:1    ; additive foreground scattering]]
[2023.03.05-20.45.55:482][  0]LogConfig: Setting CVar [[r.DOF.Scatter.BackgroundCompositing:2    ; additive background scattering]]
[2023.03.05-20.45.55:482][  0]LogConfig: Setting CVar [[r.DOF.Scatter.EnableBokehSettings:1      ; bokeh simulation when scattering]]
[2023.03.05-20.45.55:482][  0]LogConfig: Setting CVar [[r.DOF.Scatter.MaxSpriteRatio:0.1         ; only a maximum of 10% of scattered bokeh]]
[2023.03.05-20.45.55:482][  0]LogConfig: Setting CVar [[r.DOF.Recombine.Quality:1                ; cheap slight out of focus]]
[2023.03.05-20.45.55:482][  0]LogConfig: Setting CVar [[r.DOF.Recombine.EnableBokehSettings:0    ; no bokeh simulation on slight out of focus]]
[2023.03.05-20.45.55:482][  0]LogConfig: Setting CVar [[r.DOF.TemporalAAQuality:1                ; more stable temporal accumulation]]
[2023.03.05-20.45.55:482][  0]LogConfig: Setting CVar [[r.DOF.Kernel.MaxForegroundRadius:0.025]]
[2023.03.05-20.45.55:482][  0]LogConfig: Setting CVar [[r.DOF.Kernel.MaxBackgroundRadius:0.025]]
[2023.03.05-20.45.55:482][  0]LogConfig: Applying CVar settings from Section [TextureQuality@3] File [D:/Dev/Unreal/UnrealVRFundamentals/ArchitectureExplorer/Saved/Config/Windows/Scalability.ini]
[2023.03.05-20.45.55:482][  0]LogConfig: Setting CVar [[r.Streaming.MipBias:0]]
[2023.03.05-20.45.55:482][  0]LogConfig: Setting CVar [[r.Streaming.AmortizeCPUToGPUCopy:0]]
[2023.03.05-20.45.55:482][  0]LogConfig: Setting CVar [[r.Streaming.MaxNumTexturesToStreamPerFrame:0]]
[2023.03.05-20.45.55:482][  0]LogConfig: Setting CVar [[r.Streaming.Boost:1]]
[2023.03.05-20.45.55:482][  0]LogConfig: Setting CVar [[r.MaxAnisotropy:8]]
[2023.03.05-20.45.55:482][  0]LogConfig: Setting CVar [[r.VT.MaxAnisotropy:8]]
[2023.03.05-20.45.55:482][  0]LogConfig: Setting CVar [[r.Streaming.LimitPoolSizeToVRAM:0]]
[2023.03.05-20.45.55:482][  0]LogConfig: Setting CVar [[r.Streaming.PoolSize:1000]]
[2023.03.05-20.45.55:482][  0]LogConfig: Setting CVar [[r.Streaming.MaxEffectiveScreenSize:0]]
[2023.03.05-20.45.55:482][  0]LogConfig: Applying CVar settings from Section [EffectsQuality@3] File [D:/Dev/Unreal/UnrealVRFundamentals/ArchitectureExplorer/Saved/Config/Windows/Scalability.ini]
[2023.03.05-20.45.55:482][  0]LogConfig: Setting CVar [[r.TranslucencyLightingVolumeDim:64]]
[2023.03.05-20.45.55:482][  0]LogConfig: Setting CVar [[r.RefractionQuality:2]]
[2023.03.05-20.45.55:482][  0]LogConfig: Setting CVar [[r.SSR.Quality:3]]
[2023.03.05-20.45.55:482][  0]LogConfig: Setting CVar [[r.SSR.HalfResSceneColor:0]]
[2023.03.05-20.45.55:482][  0]LogConfig: Setting CVar [[r.SceneColorFormat:4]]
[2023.03.05-20.45.55:482][  0]LogConfig: Setting CVar [[r.DetailMode:2]]
[2023.03.05-20.45.55:483][  0]LogConfig: Setting CVar [[r.TranslucencyVolumeBlur:1]]
[2023.03.05-20.45.55:483][  0]LogConfig: Setting CVar [[r.MaterialQualityLevel:1 ; High quality]]
[2023.03.05-20.45.55:483][  0]LogConfig: Setting CVar [[r.AnisotropicMaterials:1]]
[2023.03.05-20.45.55:483][  0]LogConfig: Setting CVar [[r.SSS.Scale:1]]
[2023.03.05-20.45.55:483][  0]LogConfig: Setting CVar [[r.SSS.SampleSet:2]]
[2023.03.05-20.45.55:483][  0]LogConfig: Setting CVar [[r.SSS.Quality:1]]
[2023.03.05-20.45.55:483][  0]LogConfig: Setting CVar [[r.SSS.HalfRes:0]]
[2023.03.05-20.45.55:483][  0]LogConfig: Setting CVar [[r.SSGI.Quality:3]]
[2023.03.05-20.45.55:483][  0]LogConfig: Setting CVar [[r.EmitterSpawnRateScale:1.0]]
[2023.03.05-20.45.55:483][  0]LogConfig: Setting CVar [[r.ParticleLightQuality:2]]
[2023.03.05-20.45.55:483][  0]LogConfig: Setting CVar [[r.SkyAtmosphere.AerialPerspectiveLUT.FastApplyOnOpaque:1 ; Always have FastSkyLUT 1 in this case to avoid wrong sky]]
[2023.03.05-20.45.55:483][  0]LogConfig: Setting CVar [[r.SkyAtmosphere.AerialPerspectiveLUT.SampleCountMaxPerSlice:4]]
[2023.03.05-20.45.55:483][  0]LogConfig: Setting CVar [[r.SkyAtmosphere.AerialPerspectiveLUT.DepthResolution:16.0]]
[2023.03.05-20.45.55:483][  0]LogConfig: Setting CVar [[r.SkyAtmosphere.FastSkyLUT:1]]
[2023.03.05-20.45.55:483][  0]LogConfig: Setting CVar [[r.SkyAtmosphere.FastSkyLUT.SampleCountMin:4.0]]
[2023.03.05-20.45.55:483][  0]LogConfig: Setting CVar [[r.SkyAtmosphere.FastSkyLUT.SampleCountMax:128.0]]
[2023.03.05-20.45.55:483][  0]LogConfig: Setting CVar [[r.SkyAtmosphere.SampleCountMin:4.0]]
[2023.03.05-20.45.55:483][  0]LogConfig: Setting CVar [[r.SkyAtmosphere.SampleCountMax:128.0]]
[2023.03.05-20.45.55:483][  0]LogConfig: Setting CVar [[r.SkyAtmosphere.TransmittanceLUT.UseSmallFormat:0]]
[2023.03.05-20.45.55:483][  0]LogConfig: Setting CVar [[r.SkyAtmosphere.TransmittanceLUT.SampleCount:10.0]]
[2023.03.05-20.45.55:483][  0]LogConfig: Setting CVar [[r.SkyAtmosphere.MultiScatteringLUT.SampleCount:15.0]]
[2023.03.05-20.45.55:483][  0]LogConfig: Setting CVar [[r.SkyLight.RealTimeReflectionCapture:1]]
[2023.03.05-20.45.55:483][  0]LogConfig: Applying CVar settings from Section [FoliageQuality@3] File [D:/Dev/Unreal/UnrealVRFundamentals/ArchitectureExplorer/Saved/Config/Windows/Scalability.ini]
[2023.03.05-20.45.55:483][  0]LogConfig: Setting CVar [[foliage.DensityScale:1.0]]
[2023.03.05-20.45.55:483][  0]LogConfig: Setting CVar [[grass.DensityScale:1.0]]
[2023.03.05-20.45.55:483][  0]LogConfig: Applying CVar settings from Section [ShadingQuality@3] File [D:/Dev/Unreal/UnrealVRFundamentals/ArchitectureExplorer/Saved/Config/Windows/Scalability.ini]
[2023.03.05-20.45.55:483][  0]LogConfig: Setting CVar [[r.HairStrands.SkyLighting.IntegrationType:2]]
[2023.03.05-20.45.55:483][  0]LogConfig: Setting CVar [[r.HairStrands.SkyAO.SampleCount:4]]
[2023.03.05-20.45.55:483][  0]LogConfig: Setting CVar [[r.HairStrands.Visibility.MSAA.SamplePerPixel:4]]
[2023.03.05-20.45.55:483][  0]LogInit: Selected Device Profile: [Windows]
[2023.03.05-20.45.55:483][  0]LogInit: Applying CVar settings loaded from the selected device profile: [Windows]
[2023.03.05-20.45.55:483][  0]LogHAL: Display: Platform has ~ 16 GB [17016332288 / 17179869184 / 16], which maps to Larger [LargestMinGB=32, LargerMinGB=12, DefaultMinGB=8, SmallerMinGB=6, SmallestMinGB=0)
[2023.03.05-20.45.55:483][  0]LogInit: Going up to parent DeviceProfile []
[2023.03.05-20.45.55:483][  0]LogConfig: Applying CVar settings from Section [ViewDistanceQuality@3] File [D:/Dev/Unreal/UnrealVRFundamentals/ArchitectureExplorer/Saved/Config/Windows/Scalability.ini]
[2023.03.05-20.45.55:483][  0]LogConfig: Setting CVar [[r.SkeletalMeshLODBias:0]]
[2023.03.05-20.45.55:483][  0]LogConfig: Setting CVar [[r.ViewDistanceScale:1.0]]
[2023.03.05-20.45.55:483][  0]LogConfig: Applying CVar settings from Section [AntiAliasingQuality@3] File [D:/Dev/Unreal/UnrealVRFundamentals/ArchitectureExplorer/Saved/Config/Windows/Scalability.ini]
[2023.03.05-20.45.55:483][  0]LogConfig: Setting CVar [[r.PostProcessAAQuality:4]]
[2023.03.05-20.45.55:483][  0]LogConfig: Applying CVar settings from Section [ShadowQuality@3] File [D:/Dev/Unreal/UnrealVRFundamentals/ArchitectureExplorer/Saved/Config/Windows/Scalability.ini]
[2023.03.05-20.45.55:483][  0]LogConfig: Setting CVar [[r.LightFunctionQuality:1]]
[2023.03.05-20.45.55:483][  0]LogConfig: Setting CVar [[r.ShadowQuality:5]]
[2023.03.05-20.45.55:483][  0]LogConfig: Setting CVar [[r.Shadow.CSM.MaxCascades:10]]
[2023.03.05-20.45.55:483][  0]LogConfig: Setting CVar [[r.Shadow.MaxResolution:2048]]
[2023.03.05-20.45.55:483][  0]LogConfig: Setting CVar [[r.Shadow.MaxCSMResolution:2048]]
[2023.03.05-20.45.55:483][  0]LogConfig: Setting CVar [[r.Shadow.RadiusThreshold:0.01]]
[2023.03.05-20.45.55:483][  0]LogConfig: Setting CVar [[r.Shadow.DistanceScale:1.0]]
[2023.03.05-20.45.55:483][  0]LogConfig: Setting CVar [[r.Shadow.CSM.TransitionScale:1.0]]
[2023.03.05-20.45.55:483][  0]LogConfig: Setting CVar [[r.Shadow.PreShadowResolutionFactor:1.0]]
[2023.03.05-20.45.55:483][  0]LogConfig: Setting CVar [[r.DistanceFieldShadowing:1]]
[2023.03.05-20.45.55:483][  0]LogConfig: Setting CVar [[r.DistanceFieldAO:1]]
[2023.03.05-20.45.55:483][  0]LogConfig: Setting CVar [[r.AOQuality:2]]
[2023.03.05-20.45.55:483][  0]LogConfig: Setting CVar [[r.VolumetricFog:1]]
[2023.03.05-20.45.55:483][  0]LogConfig: Setting CVar [[r.VolumetricFog.GridPixelSize:8]]
[2023.03.05-20.45.55:483][  0]LogConfig: Setting CVar [[r.VolumetricFog.GridSizeZ:128]]
[2023.03.05-20.45.55:483][  0]LogConfig: Setting CVar [[r.VolumetricFog.HistoryMissSupersampleCount:4]]
[2023.03.05-20.45.55:483][  0]LogConfig: Setting CVar [[r.LightMaxDrawDistanceScale:1]]
[2023.03.05-20.45.55:483][  0]LogConfig: Setting CVar [[r.CapsuleShadows:1]]
[2023.03.05-20.45.55:483][  0]LogConfig: Applying CVar settings from Section [PostProcessQuality@3] File [D:/Dev/Unreal/UnrealVRFundamentals/ArchitectureExplorer/Saved/Config/Windows/Scalability.ini]
[2023.03.05-20.45.55:483][  0]LogConfig: Setting CVar [[r.MotionBlurQuality:4]]
[2023.03.05-20.45.55:483][  0]LogConfig: Setting CVar [[r.AmbientOcclusionMipLevelFactor:0.4]]
[2023.03.05-20.45.55:484][  0]LogConfig: Setting CVar [[r.AmbientOcclusionMaxQuality:100]]
[2023.03.05-20.45.55:484][  0]LogConfig: Setting CVar [[r.AmbientOcclusionLevels:-1]]
[2023.03.05-20.45.55:484][  0]LogConfig: Setting CVar [[r.AmbientOcclusionRadiusScale:1.0]]
[2023.03.05-20.45.55:484][  0]LogConfig: Setting CVar [[r.DepthOfFieldQuality:2]]
[2023.03.05-20.45.55:484][  0]LogConfig: Setting CVar [[r.RenderTargetPoolMin:400]]
[2023.03.05-20.45.55:484][  0]LogConfig: Setting CVar [[r.LensFlareQuality:2]]
[2023.03.05-20.45.55:484][  0]LogConfig: Setting CVar [[r.SceneColorFringeQuality:1]]
[2023.03.05-20.45.55:484][  0]LogConfig: Setting CVar [[r.EyeAdaptationQuality:2]]
[2023.03.05-20.45.55:484][  0]LogConfig: Setting CVar [[r.BloomQuality:5]]
[2023.03.05-20.45.55:484][  0]LogConfig: Setting CVar [[r.FastBlurThreshold:100]]
[2023.03.05-20.45.55:484][  0]LogConfig: Setting CVar [[r.Upscale.Quality:3]]
[2023.03.05-20.45.55:484][  0]LogConfig: Setting CVar [[r.Tonemapper.GrainQuantization:1]]
[2023.03.05-20.45.55:484][  0]LogConfig: Setting CVar [[r.LightShaftQuality:1]]
[2023.03.05-20.45.55:484][  0]LogConfig: Setting CVar [[r.Filter.SizeScale:1]]
[2023.03.05-20.45.55:484][  0]LogConfig: Setting CVar [[r.Tonemapper.Quality:5]]
[2023.03.05-20.45.55:484][  0]LogConfig: Setting CVar [[r.DOF.Gather.AccumulatorQuality:1        ; higher gathering accumulator quality]]
[2023.03.05-20.45.55:484][  0]LogConfig: Setting CVar [[r.DOF.Gather.PostfilterMethod:1          ; Median3x3 postfilering method]]
[2023.03.05-20.45.55:484][  0]LogConfig: Setting CVar [[r.DOF.Gather.EnableBokehSettings:0       ; no bokeh simulation when gathering]]
[2023.03.05-20.45.55:484][  0]LogConfig: Setting CVar [[r.DOF.Gather.RingCount:4                 ; medium number of samples when gathering]]
[2023.03.05-20.45.55:484][  0]LogConfig: Setting CVar [[r.DOF.Scatter.ForegroundCompositing:1    ; additive foreground scattering]]
[2023.03.05-20.45.55:484][  0]LogConfig: Setting CVar [[r.DOF.Scatter.BackgroundCompositing:2    ; additive background scattering]]
[2023.03.05-20.45.55:484][  0]LogConfig: Setting CVar [[r.DOF.Scatter.EnableBokehSettings:1      ; bokeh simulation when scattering]]
[2023.03.05-20.45.55:484][  0]LogConfig: Setting CVar [[r.DOF.Scatter.MaxSpriteRatio:0.1         ; only a maximum of 10% of scattered bokeh]]
[2023.03.05-20.45.55:484][  0]LogConfig: Setting CVar [[r.DOF.Recombine.Quality:1                ; cheap slight out of focus]]
[2023.03.05-20.45.55:484][  0]LogConfig: Setting CVar [[r.DOF.Recombine.EnableBokehSettings:0    ; no bokeh simulation on slight out of focus]]
[2023.03.05-20.45.55:484][  0]LogConfig: Setting CVar [[r.DOF.TemporalAAQuality:1                ; more stable temporal accumulation]]
[2023.03.05-20.45.55:484][  0]LogConfig: Setting CVar [[r.DOF.Kernel.MaxForegroundRadius:0.025]]
[2023.03.05-20.45.55:484][  0]LogConfig: Setting CVar [[r.DOF.Kernel.MaxBackgroundRadius:0.025]]
[2023.03.05-20.45.55:484][  0]LogConfig: Applying CVar settings from Section [TextureQuality@3] File [D:/Dev/Unreal/UnrealVRFundamentals/ArchitectureExplorer/Saved/Config/Windows/Scalability.ini]
[2023.03.05-20.45.55:484][  0]LogConfig: Setting CVar [[r.Streaming.MipBias:0]]
[2023.03.05-20.45.55:484][  0]LogConfig: Setting CVar [[r.Streaming.AmortizeCPUToGPUCopy:0]]
[2023.03.05-20.45.55:484][  0]LogConfig: Setting CVar [[r.Streaming.MaxNumTexturesToStreamPerFrame:0]]
[2023.03.05-20.45.55:484][  0]LogConfig: Setting CVar [[r.Streaming.Boost:1]]
[2023.03.05-20.45.55:484][  0]LogConfig: Setting CVar [[r.MaxAnisotropy:8]]
[2023.03.05-20.45.55:484][  0]LogConfig: Setting CVar [[r.VT.MaxAnisotropy:8]]
[2023.03.05-20.45.55:484][  0]LogConfig: Setting CVar [[r.Streaming.LimitPoolSizeToVRAM:0]]
[2023.03.05-20.45.55:484][  0]LogConfig: Setting CVar [[r.Streaming.PoolSize:1000]]
[2023.03.05-20.45.55:484][  0]LogConfig: Setting CVar [[r.Streaming.MaxEffectiveScreenSize:0]]
[2023.03.05-20.45.55:484][  0]LogConfig: Applying CVar settings from Section [EffectsQuality@3] File [D:/Dev/Unreal/UnrealVRFundamentals/ArchitectureExplorer/Saved/Config/Windows/Scalability.ini]
[2023.03.05-20.45.55:484][  0]LogConfig: Setting CVar [[r.TranslucencyLightingVolumeDim:64]]
[2023.03.05-20.45.55:484][  0]LogConfig: Setting CVar [[r.RefractionQuality:2]]
[2023.03.05-20.45.55:484][  0]LogConfig: Setting CVar [[r.SSR.Quality:3]]
[2023.03.05-20.45.55:484][  0]LogConfig: Setting CVar [[r.SSR.HalfResSceneColor:0]]
[2023.03.05-20.45.55:484][  0]LogConfig: Setting CVar [[r.SceneColorFormat:4]]
[2023.03.05-20.45.55:484][  0]LogConfig: Setting CVar [[r.DetailMode:2]]
[2023.03.05-20.45.55:484][  0]LogConfig: Setting CVar [[r.TranslucencyVolumeBlur:1]]
[2023.03.05-20.45.55:484][  0]LogConfig: Setting CVar [[r.MaterialQualityLevel:1 ; High quality]]
[2023.03.05-20.45.55:484][  0]LogConfig: Setting CVar [[r.AnisotropicMaterials:1]]
[2023.03.05-20.45.55:484][  0]LogConfig: Setting CVar [[r.SSS.Scale:1]]
[2023.03.05-20.45.55:484][  0]LogConfig: Setting CVar [[r.SSS.SampleSet:2]]
[2023.03.05-20.45.55:484][  0]LogConfig: Setting CVar [[r.SSS.Quality:1]]
[2023.03.05-20.45.55:484][  0]LogConfig: Setting CVar [[r.SSS.HalfRes:0]]
[2023.03.05-20.45.55:484][  0]LogConfig: Setting CVar [[r.SSGI.Quality:3]]
[2023.03.05-20.45.55:484][  0]LogConfig: Setting CVar [[r.EmitterSpawnRateScale:1.0]]
[2023.03.05-20.45.55:484][  0]LogConfig: Setting CVar [[r.ParticleLightQuality:2]]
[2023.03.05-20.45.55:484][  0]LogConfig: Setting CVar [[r.SkyAtmosphere.AerialPerspectiveLUT.FastApplyOnOpaque:1 ; Always have FastSkyLUT 1 in this case to avoid wrong sky]]
[2023.03.05-20.45.55:484][  0]LogConfig: Setting CVar [[r.SkyAtmosphere.AerialPerspectiveLUT.SampleCountMaxPerSlice:4]]
[2023.03.05-20.45.55:484][  0]LogConfig: Setting CVar [[r.SkyAtmosphere.AerialPerspectiveLUT.DepthResolution:16.0]]
[2023.03.05-20.45.55:484][  0]LogConfig: Setting CVar [[r.SkyAtmosphere.FastSkyLUT:1]]
[2023.03.05-20.45.55:484][  0]LogConfig: Setting CVar [[r.SkyAtmosphere.FastSkyLUT.SampleCountMin:4.0]]
[2023.03.05-20.45.55:484][  0]LogConfig: Setting CVar [[r.SkyAtmosphere.FastSkyLUT.SampleCountMax:128.0]]
[2023.03.05-20.45.55:484][  0]LogConfig: Setting CVar [[r.SkyAtmosphere.SampleCountMin:4.0]]
[2023.03.05-20.45.55:484][  0]LogConfig: Setting CVar [[r.SkyAtmosphere.SampleCountMax:128.0]]
[2023.03.05-20.45.55:484][  0]LogConfig: Setting CVar [[r.SkyAtmosphere.TransmittanceLUT.UseSmallFormat:0]]
[2023.03.05-20.45.55:484][  0]LogConfig: Setting CVar [[r.SkyAtmosphere.TransmittanceLUT.SampleCount:10.0]]
[2023.03.05-20.45.55:484][  0]LogConfig: Setting CVar [[r.SkyAtmosphere.MultiScatteringLUT.SampleCount:15.0]]
[2023.03.05-20.45.55:484][  0]LogConfig: Setting CVar [[r.SkyLight.RealTimeReflectionCapture:1]]
[2023.03.05-20.45.55:484][  0]LogConfig: Applying CVar settings from Section [FoliageQuality@3] File [D:/Dev/Unreal/UnrealVRFundamentals/ArchitectureExplorer/Saved/Config/Windows/Scalability.ini]
[2023.03.05-20.45.55:484][  0]LogConfig: Setting CVar [[foliage.DensityScale:1.0]]
[2023.03.05-20.45.55:484][  0]LogConfig: Setting CVar [[grass.DensityScale:1.0]]
[2023.03.05-20.45.55:484][  0]LogConfig: Applying CVar settings from Section [ShadingQuality@3] File [D:/Dev/Unreal/UnrealVRFundamentals/ArchitectureExplorer/Saved/Config/Windows/Scalability.ini]
[2023.03.05-20.45.55:484][  0]LogConfig: Setting CVar [[r.HairStrands.SkyLighting.IntegrationType:2]]
[2023.03.05-20.45.55:484][  0]LogConfig: Setting CVar [[r.HairStrands.SkyAO.SampleCount:4]]
[2023.03.05-20.45.55:484][  0]LogConfig: Setting CVar [[r.HairStrands.Visibility.MSAA.SamplePerPixel:4]]
[2023.03.05-20.45.55:484][  0]LogConfig: Applying CVar settings from Section [Startup] File [../../../Engine/Config/ConsoleVariables.ini]
[2023.03.05-20.45.55:484][  0]LogConfig: Setting CVar [[net.UseAdaptiveNetUpdateFrequency:0]]
[2023.03.05-20.45.55:484][  0]LogConfig: Setting CVar [[p.chaos.AllowCreatePhysxBodies:1]]
[2023.03.05-20.45.55:484][  0]LogConfig: Setting CVar [[fx.SkipVectorVMBackendOptimizations:1]]
[2023.03.05-20.45.55:484][  0]LogConfig: Applying CVar settings from Section [ConsoleVariables] File [D:/Dev/Unreal/UnrealVRFundamentals/ArchitectureExplorer/Saved/Config/Windows/Engine.ini]
[2023.03.05-20.45.55:484][  0]LogConfig: Applying CVar settings from Section [ConsoleVariables] File [D:/Dev/Unreal/UnrealVRFundamentals/ArchitectureExplorer/Saved/Config/Windows/Editor.ini]
[2023.03.05-20.45.55:485][  0]LogInit: Computer: DESKTOP-4E6JVLD
[2023.03.05-20.45.55:485][  0]LogInit: User: Dani
[2023.03.05-20.45.55:485][  0]LogInit: CPU Page size=4096, Cores=6
[2023.03.05-20.45.55:485][  0]LogInit: High frequency timer resolution =10.000000 MHz
[2023.03.05-20.45.55:485][  0]LogMemory: Memory total: Physical=15.8GB (16GB approx)
[2023.03.05-20.45.55:485][  0]LogMemory: Platform Memory Stats for Windows
[2023.03.05-20.45.55:485][  0]LogMemory: Process Physical Memory: 149.11 MB used, 149.79 MB peak
[2023.03.05-20.45.55:485][  0]LogMemory: Process Virtual Memory: 126.03 MB used, 126.03 MB peak
[2023.03.05-20.45.55:485][  0]LogMemory: Physical Memory: 11077.58 MB used,  5150.46 MB free, 16228.04 MB total
[2023.03.05-20.45.55:485][  0]LogMemory: Virtual Memory: 134212984.00 MB used,  4743.98 MB free, 134217728.00 MB total
[2023.03.05-20.45.55:560][  0]LogWindows: WindowsPlatformFeatures enabled
[2023.03.05-20.45.55:637][  0]LogInit: Physics initialised using underlying interface: PhysX
[2023.03.05-20.45.55:638][  0]LogInit: Using OS detected language (en-GB).
[2023.03.05-20.45.55:638][  0]LogInit: Using OS detected locale (en-GB).
[2023.03.05-20.45.55:643][  0]LogTextLocalizationManager: No specific localization for 'en-GB' exists, so the 'en' localization will be used.
[2023.03.05-20.45.55:924][  0]LogInit: Setting process to per monitor DPI aware
[2023.03.05-20.45.55:954][  0]LogWindowsTextInputMethodSystem: Display: IME system deactivated.
[2023.03.05-20.45.55:981][  0]LogSlate: New Slate User Created.  User Index 0, Is Virtual User: 0
[2023.03.05-20.45.55:981][  0]LogSlate: Slate User Registered.  User Index 0, Is Virtual User: 0
[2023.03.05-20.45.56:299][  0]LogD3D11RHI: Loaded GFSDK_Aftermath_Lib.x64.dll
[2023.03.05-20.45.56:300][  0]LogD3D11RHI: D3D11 min allowed feature level: 11_0
[2023.03.05-20.45.56:300][  0]LogD3D11RHI: D3D11 max allowed feature level: 11_0
[2023.03.05-20.45.56:300][  0]LogD3D11RHI: D3D11 adapters:
[2023.03.05-20.45.56:449][  0]LogD3D11RHI:    0. 'NVIDIA GeForce GTX 1070' (Feature Level 11_0)
[2023.03.05-20.45.56:449][  0]LogD3D11RHI:       8074/0/8114 MB DedicatedVideo/DedicatedSystem/SharedSystem, Outputs:1, VendorId:0x10de
[2023.03.05-20.45.56:516][  0]LogD3D11RHI:    1. 'Intel(R) UHD Graphics 630' (Feature Level 11_0)
[2023.03.05-20.45.56:516][  0]LogD3D11RHI:       128/0/8114 MB DedicatedVideo/DedicatedSystem/SharedSystem, Outputs:1, VendorId:0x8086
[2023.03.05-20.45.56:521][  0]LogD3D11RHI:    2. 'Microsoft Basic Render Driver' (Feature Level 11_0)
[2023.03.05-20.45.56:521][  0]LogD3D11RHI:       0/0/8114 MB DedicatedVideo/DedicatedSystem/SharedSystem, Outputs:0, VendorId:0x1414
[2023.03.05-20.45.56:521][  0]LogD3D11RHI: Chosen D3D11 Adapter:
[2023.03.05-20.45.56:521][  0]LogD3D11RHI:     Description : NVIDIA GeForce GTX 1070
[2023.03.05-20.45.56:521][  0]LogD3D11RHI:     VendorId    : 10de
[2023.03.05-20.45.56:521][  0]LogD3D11RHI:     DeviceId    : 1ba1
[2023.03.05-20.45.56:521][  0]LogD3D11RHI:     SubSysId    : 12141462
[2023.03.05-20.45.56:521][  0]LogD3D11RHI:     Revision    : 00a1
[2023.03.05-20.45.56:521][  0]LogD3D11RHI:     DedicatedVideoMemory : 8466202624 bytes
[2023.03.05-20.45.56:521][  0]LogD3D11RHI:     DedicatedSystemMemory : 0 bytes
[2023.03.05-20.45.56:521][  0]LogD3D11RHI:     SharedSystemMemory : 8508166144 bytes
[2023.03.05-20.45.56:521][  0]LogD3D11RHI:     AdapterLuid : 0 93104
[2023.03.05-20.45.56:533][  0]LogD3D11RHI: Creating new Direct3DDevice
[2023.03.05-20.45.56:533][  0]LogD3D11RHI:     GPU DeviceId: 0x1ba1 (for the marketing name, search the web for "GPU Device Id")
[2023.03.05-20.45.56:533][  0]LogWindows: EnumDisplayDevices:
[2023.03.05-20.45.56:534][  0]LogWindows:    0. 'Intel(R) UHD Graphics 630' (P:0 D:1)
[2023.03.05-20.45.56:534][  0]LogWindows:    1. 'Intel(R) UHD Graphics 630' (P:0 D:0)
[2023.03.05-20.45.56:534][  0]LogWindows:    2. 'Intel(R) UHD Graphics 630' (P:0 D:0)
[2023.03.05-20.45.56:535][  0]LogWindows:    3. 'NVIDIA GeForce GTX 1070' (P:1 D:1)
[2023.03.05-20.45.56:535][  0]LogWindows:    4. 'NVIDIA GeForce GTX 1070' (P:0 D:0)
[2023.03.05-20.45.56:535][  0]LogWindows:    5. 'NVIDIA GeForce GTX 1070' (P:0 D:0)
[2023.03.05-20.45.56:536][  0]LogWindows:    6. 'NVIDIA GeForce GTX 1070' (P:0 D:0)
[2023.03.05-20.45.56:536][  0]LogWindows: DebugString: PrimaryIsNotTheChoosenAdapter PrimaryIsNotTheChoosenAdapter PrimaryIsNotTheChoosenAdapter FoundDriverCount:4 
[2023.03.05-20.45.56:536][  0]LogD3D11RHI:     Adapter Name: NVIDIA GeForce GTX 1070
[2023.03.05-20.45.56:536][  0]LogD3D11RHI:   Driver Version: 531.18 (internal:31.0.15.3118, unified:531.18)
[2023.03.05-20.45.56:536][  0]LogD3D11RHI:      Driver Date: 2-24-2023
[2023.03.05-20.45.56:536][  0]LogRHI: Texture pool is 5651 MB (70% of 8074 MB)
[2023.03.05-20.45.56:536][  0]LogD3D11RHI: Creating D3DDevice using adapter:
[2023.03.05-20.45.56:536][  0]LogD3D11RHI:     Description : NVIDIA GeForce GTX 1070
[2023.03.05-20.45.56:536][  0]LogD3D11RHI:     VendorId    : 10de
[2023.03.05-20.45.56:536][  0]LogD3D11RHI:     DeviceId    : 1ba1
[2023.03.05-20.45.56:536][  0]LogD3D11RHI:     SubSysId    : 12141462
[2023.03.05-20.45.56:536][  0]LogD3D11RHI:     Revision    : 00a1
[2023.03.05-20.45.56:536][  0]LogD3D11RHI:     DedicatedVideoMemory : 8466202624 bytes
[2023.03.05-20.45.56:536][  0]LogD3D11RHI:     DedicatedSystemMemory : 0 bytes
[2023.03.05-20.45.56:536][  0]LogD3D11RHI:     SharedSystemMemory : 8508166144 bytes
[2023.03.05-20.45.56:536][  0]LogD3D11RHI:     AdapterLuid : 0 93104
[2023.03.05-20.45.56:660][  0]LogD3D11RHI: RHI has support for 64 bit atomics
[2023.03.05-20.45.56:661][  0]LogD3D11RHI: Async texture creation enabled
[2023.03.05-20.45.56:661][  0]LogD3D11RHI: Array index from any shader is supported
[2023.03.05-20.45.56:663][  0]LogD3D11RHI: HDR output is supported on display 0 (NvId: 0x80061083).
[2023.03.05-20.45.56:685][  0]LogD3D11RHI: GPU Timing Frequency: 1000.000000 (Debug: 2 1)
[2023.03.05-20.45.56:727][  0]LogRHI: GeForceNow SDK initialized: 1
[2023.03.05-20.45.57:498][  0]LogTargetPlatformManager: Display: Loaded TargetPlatform 'AllDesktop'
[2023.03.05-20.45.57:527][  0]LogTargetPlatformManager: Display: Loaded TargetPlatform 'Android'
[2023.03.05-20.45.57:527][  0]LogTargetPlatformManager: Display: Loaded TargetPlatform 'Android_ASTC'
[2023.03.05-20.45.57:527][  0]LogTargetPlatformManager: Display: Loaded TargetPlatform 'Android_DXT'
[2023.03.05-20.45.57:527][  0]LogTargetPlatformManager: Display: Loaded TargetPlatform 'Android_ETC2'
[2023.03.05-20.45.57:527][  0]LogTargetPlatformManager: Display: Loaded TargetPlatform 'AndroidClient'
[2023.03.05-20.45.57:527][  0]LogTargetPlatformManager: Display: Loaded TargetPlatform 'Android_ASTCClient'
[2023.03.05-20.45.57:527][  0]LogTargetPlatformManager: Display: Loaded TargetPlatform 'Android_DXTClient'
[2023.03.05-20.45.57:527][  0]LogTargetPlatformManager: Display: Loaded TargetPlatform 'Android_ETC2Client'
[2023.03.05-20.45.57:527][  0]LogTargetPlatformManager: Display: Loaded TargetPlatform 'Android_Multi'
[2023.03.05-20.45.57:527][  0]LogTargetPlatformManager: Display: Loaded TargetPlatform 'Android_MultiClient'
[2023.03.05-20.45.57:553][  0]LogTargetPlatformManager: Display: Loaded TargetPlatform 'IOSClient'
[2023.03.05-20.45.57:554][  0]LogTargetPlatformManager: Display: Loaded TargetPlatform 'IOS'
[2023.03.05-20.45.57:567][  0]LogTargetPlatformManager: Display: Loaded TargetPlatform 'Linux'
[2023.03.05-20.45.57:575][  0]LogTargetPlatformManager: Display: Loaded TargetPlatform 'LinuxNoEditor'
[2023.03.05-20.45.57:583][  0]LogTargetPlatformManager: Display: Loaded TargetPlatform 'LinuxClient'
[2023.03.05-20.45.57:589][  0]LogTargetPlatformManager: Display: Loaded TargetPlatform 'LinuxServer'
[2023.03.05-20.45.57:602][  0]LogTargetPlatformManager: Display: Loaded TargetPlatform 'LinuxAArch64NoEditor'
[2023.03.05-20.45.57:608][  0]LogTargetPlatformManager: Display: Loaded TargetPlatform 'LinuxAArch64Client'
[2023.03.05-20.45.57:615][  0]LogTargetPlatformManager: Display: Loaded TargetPlatform 'LinuxAArch64Server'
[2023.03.05-20.45.57:647][  0]LogTargetPlatformManager: Display: Loaded TargetPlatform 'Lumin'
[2023.03.05-20.45.57:647][  0]LogTargetPlatformManager: Display: Loaded TargetPlatform 'LuminClient'
[2023.03.05-20.45.57:661][  0]LogTargetPlatformManager: Display: Loaded TargetPlatform 'MacNoEditor'
[2023.03.05-20.45.57:668][  0]LogTargetPlatformManager: Display: Loaded TargetPlatform 'Mac'
[2023.03.05-20.45.57:675][  0]LogTargetPlatformManager: Display: Loaded TargetPlatform 'MacClient'
[2023.03.05-20.45.57:681][  0]LogTargetPlatformManager: Display: Loaded TargetPlatform 'MacServer'
[2023.03.05-20.45.57:694][  0]LogTargetPlatformManager: Display: Loaded TargetPlatform 'TVOSClient'
[2023.03.05-20.45.57:694][  0]LogTargetPlatformManager: Display: Loaded TargetPlatform 'TVOS'
[2023.03.05-20.45.57:706][  0]LogTargetPlatformManager: Display: Loaded TargetPlatform 'WindowsNoEditor'
[2023.03.05-20.45.57:713][  0]LogTargetPlatformManager: Display: Loaded TargetPlatform 'Windows'
[2023.03.05-20.45.57:720][  0]LogTargetPlatformManager: Display: Loaded TargetPlatform 'WindowsClient'
[2023.03.05-20.45.57:726][  0]LogTargetPlatformManager: Display: Loaded TargetPlatform 'WindowsServer'
[2023.03.05-20.45.57:726][  0]LogTargetPlatformManager: Display: Building Assets For Windows
[2023.03.05-20.45.57:740][  0]LogAudioDebug: Display: Lib vorbis DLL was dynamically loaded.
[2023.03.05-20.45.57:787][  0]LogTextureFormatOodle: Display: Oodle Texture 2.9.0 init RDO Off
[2023.03.05-20.45.57:834][  0]LogRendererCore: Ray tracing is disabled. Reason: r.RayTracing=0.
[2023.03.05-20.45.57:834][  0]LogShaderCompilers: Guid format shader working directory is -23 characters bigger than the processId version (../../../../../Dev/Unreal/UnrealVRFundamentals/ArchitectureExplorer/Intermediate/Shaders/WorkingDirectory/25572/).
[2023.03.05-20.45.57:834][  0]LogShaderCompilers: Cleaned the shader compiler working directory 'C:/Users/Dani/AppData/Local/Temp/UnrealShaderWorkingDir/4B988FC345B0295DB909DCBE955AEE51/'.
[2023.03.05-20.45.57:834][  0]LogXGEController: Cannot use XGE Controller as Incredibuild is not installed on this machine.
[2023.03.05-20.45.57:834][  0]LogShaderCompilers: Cannot use XGE Shader Compiler as Incredibuild is not installed on this machine.
[2023.03.05-20.45.57:834][  0]LogShaderCompilers: Display: Using Local Shader Compiler.
[2023.03.05-20.45.59:149][  0]LogDerivedDataCache: Display: Max Cache Size: 512 MB
[2023.03.05-20.45.59:235][  0]LogDerivedDataCache: Loaded boot cache 0.08s 94MB C:/Users/Dani/AppData/Local/UnrealEngine/4.27/DerivedDataCache/Boot.ddc.
[2023.03.05-20.45.59:235][  0]LogDerivedDataCache: Display: Loaded Boot cache: C:/Users/Dani/AppData/Local/UnrealEngine/4.27/DerivedDataCache/Boot.ddc
[2023.03.05-20.45.59:235][  0]LogDerivedDataCache: FDerivedDataBackendGraph:  Pak pak cache file ../../../../../Dev/Unreal/UnrealVRFundamentals/ArchitectureExplorer/DerivedDataCache/DDC.ddp not found, will not use a pak cache.
[2023.03.05-20.45.59:235][  0]LogDerivedDataCache: Unable to find inner node Pak for hierarchical cache Hierarchy.
[2023.03.05-20.45.59:235][  0]LogDerivedDataCache: FDerivedDataBackendGraph:  CompressedPak pak cache file ../../../../../Dev/Unreal/UnrealVRFundamentals/ArchitectureExplorer/DerivedDataCache/Compressed.ddp not found, will not use a pak cache.
[2023.03.05-20.45.59:235][  0]LogDerivedDataCache: Unable to find inner node CompressedPak for hierarchical cache Hierarchy.
[2023.03.05-20.45.59:261][  0]LogDerivedDataCache: Display: Pak cache opened for reading ../../../Engine/DerivedDataCache/Compressed.ddp.
[2023.03.05-20.45.59:262][  0]LogDerivedDataCache: FDerivedDataBackendGraph:  EnterprisePak pak cache file ../../../Enterprise/DerivedDataCache/Compressed.ddp not found, will not use a pak cache.
[2023.03.05-20.45.59:262][  0]LogDerivedDataCache: Unable to find inner node EnterprisePak for hierarchical cache Hierarchy.
[2023.03.05-20.45.59:273][  0]LogDerivedDataCache: Speed tests for C:/Users/Dani/AppData/Local/UnrealEngine/Common/DerivedDataCache took 0.01 seconds
[2023.03.05-20.45.59:273][  0]LogDerivedDataCache: Display: Performance to C:/Users/Dani/AppData/Local/UnrealEngine/Common/DerivedDataCache: Latency=0.04ms. RandomReadSpeed=1022.76MBs, RandomWriteSpeed=97.11MBs. Assigned SpeedClass 'Local'
[2023.03.05-20.45.59:274][  0]LogDerivedDataCache: Using Local data cache path C:/Users/Dani/AppData/Local/UnrealEngine/Common/DerivedDataCache: Writable
[2023.03.05-20.45.59:274][  0]LogDerivedDataCache: Shared data cache path not found in *engine.ini, will not use an Shared cache.
[2023.03.05-20.45.59:274][  0]LogDerivedDataCache: Unable to find inner node Shared for hierarchical cache Hierarchy.
[2023.03.05-20.45.59:351][  0]LogSlate: Using FreeType 2.10.0
[2023.03.05-20.45.59:352][  0]LogSlate: SlateFontServices - WITH_FREETYPE: 1, WITH_HARFBUZZ: 1
[2023.03.05-20.45.59:392][  0]LogAssetRegistry: FAssetRegistry took 0.0033 seconds to start up
[2023.03.05-20.45.59:788][  0]LogInit: Selected Device Profile: [Windows]
[2023.03.05-20.45.59:788][  0]LogInit: Active device profile: [000001C123EECB00][000001C12460DB00 49] Windows
[2023.03.05-20.45.59:788][  0]LogInit: Profiles: [000001C123EECB00][000001C12460DB00 49] Windows, [000001C123EBA200][000001C1231A4100 49] WindowsNoEditor, [000001C123EED900][000001C1231A8280 49] WindowsServer, [000001C123EBAF00][000001C1231AC400 49] WindowsClient, [000001C123EEFC00][000001C1231B0580 49] IOS, [000001C123EB8F00][000001C124280700 49] iPadAir, [000001C123EEFE00][000001C1231FA840 49] iPadAir2, [000001C123E38E00][000001C120C04A80 49] IPadPro, [000001C123E38F00][000001C124284AC0 49] iPadAir3, [000001C123EBBC00][000001C11B804C40 49] iPadAir4, [000001C123E3B800][000001C11B808DC0 49] iPadMini2, [000001C123EBB000][000001C11B80CF40 49] iPadMini3, [000001C123E3BA00][000001C11B8150C0 49] iPadMini4, [000001C123EBB900][000001C11D71B240 49] iPadMini5, [000001C123E68600][000001C1243AB500 49] iPhone6, [000001C123E68700][000001C11D71F540 49] iPodTouch6, [000001C123EEE800][000001C1244CD800 49] iPhone7, [000001C123EEE600][000001C1243AF840 49] iPodTouch7, [000001C123E68100][000001C1244DF9C0 49] iPhone5S, [000001C123E38700][000001C1244E3B40 49] iPhone6Plus, [000001C123E6A500][000001C1244E6140 49] iPhone6S, [000001C123E39300][000001C1244EA2C0 49] iPhone6SPlus, [000001C123E6BB00][000001C1244EE440 49] iPhone7Plus, [000001C123E3B700][000001C1244F25C0 49] iPhoneSE, [000001C123EEEB00][000001C1244F6740 49] iPhone8, [000001C123E38600][000001C12450E8C0 49] iPhone8Plus, [000001C123EEE100][000001C11B800A00 49] iPhoneX, [000001C123E3A900][000001C12451EB40 49] iPhoneXS, [000001C123EEF700][000001C124522C80 49] iPhoneXSMax, [000001C123E3AF00][000001C124526DC0 49] iPhoneXR, [000001C123EEFB00][000001C1248D8F40 49] iPhone11, [000001C123E39E00][000001C1242150C0 49] iPhone11Pro, [000001C123EEC700][000001C124219240 49] iPhone11ProMax, [000001C123E3A000][000001C12421D3C0 49] iPhoneSE2, [000001C123EEFA00][000001C124221540 49] iPhone12Mini, [000001C123E3A100][000001C11B7F76C0 49] iPhone12, [000001C123EEC600][000001C11B7FB840 49] iPhone12Pro, [000001C123E3B400][000001C1242439C0 49] iPhone12ProMax, [000001C123EEC800][000001C124211B40 49] iPadPro105, [000001C123E39900][000001C12451A140 49] iPadPro129, [000001C123EEFF00][000001C1248962C0 49] iPadPro97, [000001C123E3BC00][000001C124246440 49] iPadPro2_129, [000001C123EEF900][000001C12424A5C0 49] iPad5, [000001C123E38300][000001C12424E740 49] iPad6, [000001C123EEDB00][000001C1242528C0 49] iPad7, [000001C123E3B600][000001C124256A40 49] iPad8, [000001C123EED600][000001C1248D4B80 49] iPadPro11, [000001C123E3AD00][000001C12425ACC0 49] iPadPro2_11, [000001C123EEDA00][000001C12425EE00 49] iPadPro3_129, [000001C123E3AE00][000001C124262F40 49] iPadPro4_129, [000001C123EEC500][000001C12426B0C0 49] AppleTV, [000001C123E3B000][000001C12426F240 49] AppleTV4K, [000001C123EEDC00][000001C1242733C0 49] TVOS, [000001C123E38800][000001C124277540 49] Mac, [000001C123EEE500][000001C12427B6C0 49] MacClient, [000001C123E3AC00][000001C11BF73840 49] MacNoEditor, [000001C123EEF500][000001C11BF779C0 49] MacServer, [000001C123E38A00][000001C11BF7BB40 49] Linux, [000001C123EEC400][000001C11BF7E140 49] LinuxAArch64, [000001C123E39A00][000001C11BF822C0 49] LinuxNoEditor, [000001C123EEDD00][000001C11BF86440 49] LinuxAArch64NoEditor, [000001C123E3A700][000001C11BF8A5C0 49] LinuxClient, [000001C123EED400][000001C11BF8E740 49] LinuxAArch64Client, [000001C123E3A800][000001C11BF928C0 49] LinuxServer, [000001C123EEEF00][000001C11BF96A40 49] LinuxAArch64Server, [000001C123E39700][000001C11BF9ABC0 49] Android, [000001C123EEFD00][000001C11BF9ED40 49] Android_Low, [000001C123E38B00][000001C124266E80 49] Android_Mid, [000001C123EEE200][000001C11BFA2FC0 49] Android_High, [000001C123E38C00][000001C11BFA7100 49] Android_Default, [000001C123EED300][000001C11BFAF280 49] Android_Adreno4xx, [000001C123EBA400][000001C11BFB3400 49] Android_Adreno5xx_Low, [000001C123E69C00][000001C11BFB7580 49] Android_Adreno5xx, [000001C123EBA700][000001C11BFBB700 49] Android_Adreno6xx, [000001C123E6A000][000001C11BFBF880 49] Android_Adreno6xx_Vulkan, [000001C123EB8400][000001C11BFC3A00 49] Android_Mali_T6xx, [000001C123E68F00][000001C11BFC7B80 49] Android_Mali_T7xx, [000001C123EB9D00][000001C11BFCA180 49] Android_Mali_T8xx, [000001C123E69F00][000001C11BFCE300 49] Android_Mali_G71, [000001C123EBA900][000001C11BFD2480 49] Android_Mali_G72, [000001C123E6B300][000001C11BFD6600 49] Android_Mali_G72_Vulkan, [000001C123EBBF00][000001C11BFDA780 49] Android_Mali_G76, [000001C123E6A200][000001C11BFDE900 49] Android_Mali_G76_Vulkan, [000001C123EB9F00][000001C11BFE2A80 49] Android_Mali_G77, [000001C123E68900][000001C11BFE6C00 49] Android_Mali_G77_Vulkan, [000001C123EB9200][000001C11BFEAD80 49] Android_Mali_G78, [000001C123E69300][000001C11BFEEF00 49] Android_Mali_G78_Vulkan, [000001C123EBB500][000001C11BFAB040 49] Android_Mali_G710, [000001C123E6BE00][000001C11BFF3180 49] Android_Mali_G710_Vulkan, [000001C123EB8700][000001C11BFF72C0 49] Android_Vulkan_SM5, [000001C123E6BF00][000001C11BFFF440 49] Android_PowerVR_G6xxx, [000001C123EBA000][000001C11C0035C0 49] Android_PowerVR_GT7xxx, [000001C123E6AB00][000001C11C007740 49] Android_PowerVR_GE8xxx, [000001C123EBB800][000001C11C00B8C0 49] Android_PowerVR_GM9xxx, [000001C123E6A800][000001C11C00FA40 49] Android_PowerVR_GM9xxx_Vulkan, [000001C123EB9600][000001C11C013BC0 49] Android_TegraK1, [000001C123E69700][000001C11C0161C0 49] Android_Unknown_Vulkan, [000001C123EBAD00][000001C11C01A340 49] Lumin, [000001C123E6BD00][000001C11C01E4C0 49] Lumin_Desktop, [000001C123EB8E00][000001C11C022640 49] HoloLens, 
[2023.03.05-20.46.00:015][  0]LogMeshReduction: Using QuadricMeshReduction for automatic static mesh reduction
[2023.03.05-20.46.00:015][  0]LogMeshReduction: Using SimplygonMeshReduction for automatic skeletal mesh reduction
[2023.03.05-20.46.00:015][  0]LogMeshReduction: Using ProxyLODMeshReduction for automatic mesh merging
[2023.03.05-20.46.00:015][  0]LogMeshReduction: No distributed automatic mesh merging module available
[2023.03.05-20.46.00:016][  0]LogMeshMerging: No distributed automatic mesh merging module available
[2023.03.05-20.46.00:040][  0]LogNetVersion: ArchitectureExplorer 1.0.0, NetCL: 17155196, EngineNetVer: 17, GameNetVer: 0 (Checksum: 1727114147)
[2023.03.05-20.46.01:101][  0]LogTexture: Default maximum texture size for cubemaps generated from long-lat sources has been changed from 512 to unlimited. In order to preserve old behaiour for '/Engine/MapTemplates/Sky/DaylightAmbientCubemap.DaylightAmbientCubemap', its maximum texture size has been explicitly set to 512.
[2023.03.05-20.46.01:189][  0]LogHMD: PokeAHoleMaterial loaded successfully
[2023.03.05-20.46.01:196][  0]LogUObjectArray: 17178 objects as part of root set at end of initial load.
[2023.03.05-20.46.01:196][  0]LogUObjectAllocator: 4302048 out of 0 bytes used by permanent object pool.
[2023.03.05-20.46.01:196][  0]LogUObjectArray: CloseDisregardForGC: 0/0 objects in disregard for GC pool
[2023.03.05-20.46.01:646][  0]LogNiagaraDebuggerClient: Niagara Debugger Client Initialized | Session: 31FF35B947AA6ADA66639B986F9A81C4 | Instance: A8681FE74B8161EBFBA74CA3A7750D86 (DESKTOP-4E6JVLD-25572).
[2023.03.05-20.46.01:855][  0]LogPython: Using Python 3.7.7
[2023.03.05-20.46.02:713][  0]LogTcpMessaging: Initializing TcpMessaging bridge
[2023.03.05-20.46.02:719][  0]LogUdpMessaging: Initializing bridge on interface 0.0.0.0:0 to multicast group 230.0.0.1:6666.
[2023.03.05-20.46.02:923][  0]SourceControl: Source control is disabled
[2023.03.05-20.46.02:923][  0]SourceControl: Source control is disabled
[2023.03.05-20.46.02:927][  0]SourceControl: Source control is disabled
[2023.03.05-20.46.02:932][  0]SourceControl: Source control is disabled
[2023.03.05-20.46.03:722][  0]SourceControl: Source control is disabled
[2023.03.05-20.46.03:726][  0]LogUProjectInfo: Found projects:
[2023.03.05-20.46.04:038][  0]LogOpenImageDenoise: OIDN starting up
[2023.03.05-20.46.04:093][  0]LogAndroidPermission: UAndroidPermissionCallbackProxy::GetInstance
[2023.03.05-20.46.04:128][  0]LogAudioCaptureCore: Display: No Audio Capture implementations found. Audio input will be silent.
[2023.03.05-20.46.04:128][  0]LogAudioCaptureCore: Display: No Audio Capture implementations found. Audio input will be silent.
[2023.03.05-20.46.04:315][  0]LogCollectionManager: Loaded 0 collections in 0.001170 seconds
[2023.03.05-20.46.04:349][  0]LogFileCache: Scanning file cache for directory 'D:/Dev/Unreal/UnrealVRFundamentals/ArchitectureExplorer/Saved/Collections/' took 0.00s
[2023.03.05-20.46.04:349][  0]LogFileCache: Scanning file cache for directory 'D:/Dev/Unreal/UnrealVRFundamentals/ArchitectureExplorer/Content/Developers/Dani/Collections/' took 0.00s
[2023.03.05-20.46.04:349][  0]LogFileCache: Scanning file cache for directory 'D:/Dev/Unreal/UnrealVRFundamentals/ArchitectureExplorer/Content/Collections/' took 0.00s
[2023.03.05-20.46.04:349][  0]LogOcInput: OculusInput pre-init called
[2023.03.05-20.46.04:738][  0]LogEngine: Initializing Engine...
[2023.03.05-20.46.04:840][  0]LogHMD: PokeAHoleMaterial loaded successfully
[2023.03.05-20.46.06:020][  0]LogHMD: Initializing OVRPlugin session
[2023.03.05-20.46.06:667][  0]LogHMD: Allocating Oculus 3200 x 1600 rendertarget swapchain
[2023.03.05-20.46.06:667][  0]LogHMD: Oculus plugin initialized. Version: 4.27.2-18319896+++UE4+Release-4.27, OVRPlugin: 1.59.0
[2023.03.05-20.46.06:668][  0]LogStats: UGameplayTagsManager::InitializeManager -  0.000 s
[2023.03.05-20.46.06:890][  0]LogInit: Initializing FReadOnlyCVARCache
[2023.03.05-20.46.06:905][  0]LogAIModule: Creating AISystem for world Untitled
[2023.03.05-20.46.06:920][  0]LogAudio: Display: Initializing Audio Device Manager...
[2023.03.05-20.46.06:927][  0]LogAudio: Display: Loading Default Audio Settings Objects...
[2023.03.05-20.46.06:929][  0]LogAudio: Display: No default SoundConcurrencyObject specified (or failed to load).
[2023.03.05-20.46.06:930][  0]LogAudio: Display: Audio Device Manager Initialized
[2023.03.05-20.46.06:930][  0]LogAudio: Display: Creating Audio Device:                 Id: 1, Scope: Shared, Realtime: True
[2023.03.05-20.46.06:930][  0]LogAudioMixer: Display: Audio Mixer Platform Settings:
[2023.03.05-20.46.06:930][  0]LogAudioMixer: Display: 	Sample Rate:						  48000
[2023.03.05-20.46.06:930][  0]LogAudioMixer: Display: 	Callback Buffer Frame Size Requested: 1024
[2023.03.05-20.46.06:930][  0]LogAudioMixer: Display: 	Callback Buffer Frame Size To Use:	  1024
[2023.03.05-20.46.06:930][  0]LogAudioMixer: Display: 	Number of buffers to queue:			  2
[2023.03.05-20.46.06:930][  0]LogAudioMixer: Display: 	Max Channels (voices):				  32
[2023.03.05-20.46.06:930][  0]LogAudioMixer: Display: 	Number of Async Source Workers:		  0
[2023.03.05-20.46.06:930][  0]LogAudio: Display: AudioDevice MaxSources: 32
[2023.03.05-20.46.06:930][  0]LogAudio: Display: Audio Spatialization Plugin: None (built-in).
[2023.03.05-20.46.06:930][  0]LogAudio: Display: Audio Reverb Plugin: None (built-in).
[2023.03.05-20.46.06:930][  0]LogAudio: Display: Audio Occlusion Plugin: None (built-in).
[2023.03.05-20.46.06:930][  0]LogAudioMixer: Display: Initializing audio mixer.
[2023.03.05-20.46.07:044][  0]LogAudioMixer: Display: 0: FrontLeft
[2023.03.05-20.46.07:045][  0]LogAudioMixer: Display: 1: FrontRight
[2023.03.05-20.46.07:231][  0]LogAudioMixer: Display: Using Audio Device Speakers (Realtek(R) Audio)
[2023.03.05-20.46.07:242][  0]LogAudioMixer: Display: Initializing Sound Submixes...
[2023.03.05-20.46.07:246][  0]LogAudioMixer: Display: Creating Master Submix 'MasterSubmixDefault'
[2023.03.05-20.46.07:246][  0]LogAudioMixer: Display: Creating Master Submix 'MasterReverbSubmixDefault'
[2023.03.05-20.46.07:247][  0]LogAudioMixer: Display: Creating Master Submix 'MasterEQSubmixDefault'
[2023.03.05-20.46.07:247][  0]LogAudioMixer: FMixerPlatformXAudio2::StartAudioStream() called
[2023.03.05-20.46.07:247][  0]LogAudioMixer: Display: Output buffers initialized: Frames=1024, Channels=2, Samples=2048
[2023.03.05-20.46.07:249][  0]LogAudioMixer: Display: Starting AudioMixerPlatformInterface::RunInternal()
[2023.03.05-20.46.07:249][  0]LogAudioMixer: Display: FMixerPlatformXAudio2::SubmitBuffer() called for the first time
[2023.03.05-20.46.07:249][  0]LogInit: FAudioDevice initialized.
[2023.03.05-20.46.07:250][  0]LogAudio: Display: Audio Device (ID: 1) registered with world 'Untitled'.
[2023.03.05-20.46.07:250][  0]LogNetVersion: Set ProjectVersion to 1.0.0.0. Version Checksum will be recalculated on next use.
[2023.03.05-20.46.07:353][  0]LogDerivedDataCache: Saved boot cache 0.10s 94MB C:/Users/Dani/AppData/Local/UnrealEngine/4.27/DerivedDataCache/Boot.ddc.
[2023.03.05-20.46.07:353][  0]LogInit: Texture streaming: Enabled
[2023.03.05-20.46.07:373][  0]LogAnalytics: Display: [UEEditor.Rocket.Release] APIServer = https://datarouter.ol.epicgames.com/. AppVersion = 4.27.2-18319896+++UE4+Release-4.27
[2023.03.05-20.46.07:379][  0]LogEngineSessionManager: EngineSessionManager initialized
[2023.03.05-20.46.07:379][  0]LogEditorSessionSummary: Verbose: Initializing EditorSessionSummaryWriter for editor session tracking
[2023.03.05-20.46.07:381][  0]LogEditorSessionSummary: EditorSessionSummaryWriter initialized
[2023.03.05-20.46.07:441][  0]LogInit: Transaction tracking system initialized
[2023.03.05-20.46.07:480][  0]BlueprintLog: New page: Editor Load
[2023.03.05-20.46.07:581][  0]LocalizationService: Localization service is disabled
[2023.03.05-20.46.07:621][  0]TimingProfiler: Initialize
[2023.03.05-20.46.07:622][  0]TimingProfiler: OnSessionChanged
[2023.03.05-20.46.07:622][  0]LoadingProfiler: Initialize
[2023.03.05-20.46.07:622][  0]LoadingProfiler: OnSessionChanged
[2023.03.05-20.46.07:622][  0]NetworkingProfiler: Initialize
[2023.03.05-20.46.07:622][  0]NetworkingProfiler: OnSessionChanged
[2023.03.05-20.46.07:622][  0]MemoryProfiler: Initialize
[2023.03.05-20.46.07:622][  0]MemoryProfiler: OnSessionChanged
[2023.03.05-20.46.07:911][  0]LogCook: Display: CookSettings for Memory: MemoryMaxUsedVirtual 0MiB, MemoryMaxUsedPhysical 16384MiB, MemoryMinFreeVirtual 0MiB, MemoryMinFreePhysical 1024MiB
[2023.03.05-20.46.07:911][  0]LogCook: Display: Mobile HDR setting 1
[2023.03.05-20.46.08:224][  0]LogFileCache: Scanning file cache for directory 'D:/Dev/Unreal/UnrealVRFundamentals/ArchitectureExplorer/Content/' took 0.00s
[2023.03.05-20.46.08:574][  0]LogInit: Display: Engine is initialized. Leaving FEngineLoop::Init()
[2023.03.05-20.46.08:579][  0]SourceControl: Source control is disabled
[2023.03.05-20.46.08:579][  0]LogUnrealEdMisc: Loading editor; pre map load, took 15.690
[2023.03.05-20.46.08:579][  0]Cmd: MAP LOAD FILE="../../../Engine/Content/Maps/Templates/Template_Default.umap" TEMPLATE=1 SHOWPROGRESS=1 FEATURELEVEL=3
[2023.03.05-20.46.08:580][  0]LightingResults: New page: Lighting Build
[2023.03.05-20.46.08:583][  0]LogWorld: UWorld::CleanupWorld for Untitled, bSessionEnded=true, bCleanupResources=true
[2023.03.05-20.46.08:583][  0]LogSlate: InvalidateAllWidgets triggered.  All widgets were invalidated
[2023.03.05-20.46.08:583][  0]MapCheck: New page: Map Check
[2023.03.05-20.46.08:583][  0]LightingResults: New page: Lighting Build
[2023.03.05-20.46.08:678][  0]LogAudio: Display: Audio Device unregistered from world 'None'.
[2023.03.05-20.46.08:684][  0]LogUObjectHash: Compacting FUObjectHashTables data took   1.75ms
[2023.03.05-20.46.08:776][  0]LogTexture: Display: Building textures: DeprecatedTextureEB9CBE3C423008B5E8E130901E171C89 (BGRA8, 128X128)
[2023.03.05-20.46.08:783][  0]LogAudio: Display: Audio Device (ID: 1) registered with world 'Untitled_1'.
[2023.03.05-20.46.08:785][  0]LogAIModule: Creating AISystem for world Untitled_1
[2023.03.05-20.46.08:790][  0]LogEditorServer: Finished looking for orphan Actors (0.000 secs)
[2023.03.05-20.46.08:801][  0]LogUObjectHash: Compacting FUObjectHashTables data took   1.12ms
[2023.03.05-20.46.08:802][  0]Cmd: MAP CHECKDEP NOCLEARLOG
[2023.03.05-20.46.08:802][  0]MapCheck: Map check complete: 0 Error(s), 0 Warning(s), took 0.136ms to complete.
[2023.03.05-20.46.08:802][  0]LogFileHelpers: Loading map 'Template_Default' took 0.222
[2023.03.05-20.46.08:805][  0]LogUnrealEdMisc: Total Editor Startup Time, took 15.915
[2023.03.05-20.46.08:959][  0]LogSlate: Updating window title bar state: overlay mode, drag disabled, window buttons hidden, title bar hidden
[2023.03.05-20.46.08:974][  0]LogSlate: Updating window title bar state: overlay mode, drag disabled, window buttons hidden, title bar hidden
[2023.03.05-20.46.08:984][  0]LogSlate: Updating window title bar state: overlay mode, drag disabled, window buttons hidden, title bar hidden
[2023.03.05-20.46.08:995][  0]LogSlate: Updating window title bar state: overlay mode, drag disabled, window buttons hidden, title bar hidden
[2023.03.05-20.46.09:017][  0]LogNativeClassHierarchy: Verbose: Native class hierarchy populated in 0.0149 seconds. Added 3823 classes and 930 folders.
[2023.03.05-20.46.09:020][  0]LogNativeClassHierarchy: Verbose: Native class hierarchy updated for 'WidgetCarousel' in 0.0004 seconds. Added 0 classes and 0 folders.
[2023.03.05-20.46.09:024][  0]LogPakFile: PakFile PrimaryIndexSize=187
[2023.03.05-20.46.09:024][  0]LogPakFile: PakFile PathHashIndexSize=101
[2023.03.05-20.46.09:024][  0]LogPakFile: PakFile FullDirectoryIndexSize=148
[2023.03.05-20.46.09:024][  0]LogShaderLibrary: Display: ShaderCodeLibraryPakFileMountedCallback: PakFile 'D:/Epic Games/UE_4.27/FeaturePacks/FP_FirstPerson.upack' (chunk index -1, root 'root:/') mounted
[2023.03.05-20.46.09:024][  0]LogShaderLibrary: Display: ShaderCodeLibraryPakFileMountedCallback: pending pak file info (ChunkID:-1 Root:root:/ File:D:/Epic Games/UE_4.27/FeaturePacks/FP_FirstPerson.upack)
[2023.03.05-20.46.09:024][  0]LogPakFile: OnPakFileMounted2Time == 0.000083
[2023.03.05-20.46.09:024][  0]LogPakFile: PakFile PrimaryIndexSize=189
[2023.03.05-20.46.09:024][  0]LogPakFile: PakFile PathHashIndexSize=101
[2023.03.05-20.46.09:024][  0]LogPakFile: PakFile FullDirectoryIndexSize=152
[2023.03.05-20.46.09:024][  0]LogShaderLibrary: Display: ShaderCodeLibraryPakFileMountedCallback: PakFile 'D:/Epic Games/UE_4.27/FeaturePacks/FP_FirstPersonBP.upack' (chunk index -1, root 'root:/') mounted
[2023.03.05-20.46.09:024][  0]LogShaderLibrary: Display: ShaderCodeLibraryPakFileMountedCallback: pending pak file info (ChunkID:-1 Root:root:/ File:D:/Epic Games/UE_4.27/FeaturePacks/FP_FirstPersonBP.upack)
[2023.03.05-20.46.09:024][  0]LogPakFile: OnPakFileMounted2Time == 0.000055
[2023.03.05-20.46.09:025][  0]LogPakFile: PakFile PrimaryIndexSize=191
[2023.03.05-20.46.09:025][  0]LogPakFile: PakFile PathHashIndexSize=101
[2023.03.05-20.46.09:025][  0]LogPakFile: PakFile FullDirectoryIndexSize=160
[2023.03.05-20.46.09:025][  0]LogShaderLibrary: Display: ShaderCodeLibraryPakFileMountedCallback: PakFile 'D:/Epic Games/UE_4.27/FeaturePacks/MobileStarterContent.upack' (chunk index -1, root 'root:/') mounted
[2023.03.05-20.46.09:025][  0]LogShaderLibrary: Display: ShaderCodeLibraryPakFileMountedCallback: pending pak file info (ChunkID:-1 Root:root:/ File:D:/Epic Games/UE_4.27/FeaturePacks/MobileStarterContent.upack)
[2023.03.05-20.46.09:026][  0]LogPakFile: OnPakFileMounted2Time == 0.000049
[2023.03.05-20.46.09:027][  0]LogPakFile: PakFile PrimaryIndexSize=185
[2023.03.05-20.46.09:027][  0]LogPakFile: PakFile PathHashIndexSize=101
[2023.03.05-20.46.09:027][  0]LogPakFile: PakFile FullDirectoryIndexSize=148
[2023.03.05-20.46.09:027][  0]LogShaderLibrary: Display: ShaderCodeLibraryPakFileMountedCallback: PakFile 'D:/Epic Games/UE_4.27/FeaturePacks/StarterContent.upack' (chunk index -1, root 'root:/') mounted
[2023.03.05-20.46.09:027][  0]LogShaderLibrary: Display: ShaderCodeLibraryPakFileMountedCallback: pending pak file info (ChunkID:-1 Root:root:/ File:D:/Epic Games/UE_4.27/FeaturePacks/StarterContent.upack)
[2023.03.05-20.46.09:027][  0]LogPakFile: OnPakFileMounted2Time == 0.000048
[2023.03.05-20.46.09:028][  0]LogPakFile: PakFile PrimaryIndexSize=190
[2023.03.05-20.46.09:028][  0]LogPakFile: PakFile PathHashIndexSize=101
[2023.03.05-20.46.09:028][  0]LogPakFile: PakFile FullDirectoryIndexSize=154
[2023.03.05-20.46.09:028][  0]LogShaderLibrary: Display: ShaderCodeLibraryPakFileMountedCallback: PakFile 'D:/Epic Games/UE_4.27/FeaturePacks/TP_2DSideScroller.upack' (chunk index -1, root 'root:/') mounted
[2023.03.05-20.46.09:028][  0]LogShaderLibrary: Display: ShaderCodeLibraryPakFileMountedCallback: pending pak file info (ChunkID:-1 Root:root:/ File:D:/Epic Games/UE_4.27/FeaturePacks/TP_2DSideScroller.upack)
[2023.03.05-20.46.09:028][  0]LogPakFile: OnPakFileMounted2Time == 0.000053
[2023.03.05-20.46.09:030][  0]LogPakFile: PakFile PrimaryIndexSize=192
[2023.03.05-20.46.09:030][  0]LogPakFile: PakFile PathHashIndexSize=101
[2023.03.05-20.46.09:030][  0]LogPakFile: PakFile FullDirectoryIndexSize=158
[2023.03.05-20.46.09:030][  0]LogShaderLibrary: Display: ShaderCodeLibraryPakFileMountedCallback: PakFile 'D:/Epic Games/UE_4.27/FeaturePacks/TP_2DSideScrollerBP.upack' (chunk index -1, root 'root:/') mounted
[2023.03.05-20.46.09:030][  0]LogShaderLibrary: Display: ShaderCodeLibraryPakFileMountedCallback: pending pak file info (ChunkID:-1 Root:root:/ File:D:/Epic Games/UE_4.27/FeaturePacks/TP_2DSideScrollerBP.upack)
[2023.03.05-20.46.09:030][  0]LogPakFile: OnPakFileMounted2Time == 0.000067
[2023.03.05-20.46.09:031][  0]LogPakFile: PakFile PrimaryIndexSize=182
[2023.03.05-20.46.09:031][  0]LogPakFile: PakFile PathHashIndexSize=101
[2023.03.05-20.46.09:031][  0]LogPakFile: PakFile FullDirectoryIndexSize=138
[2023.03.05-20.46.09:031][  0]LogShaderLibrary: Display: ShaderCodeLibraryPakFileMountedCallback: PakFile 'D:/Epic Games/UE_4.27/FeaturePacks/TP_Flying.upack' (chunk index -1, root 'root:/') mounted
[2023.03.05-20.46.09:031][  0]LogShaderLibrary: Display: ShaderCodeLibraryPakFileMountedCallback: pending pak file info (ChunkID:-1 Root:root:/ File:D:/Epic Games/UE_4.27/FeaturePacks/TP_Flying.upack)
[2023.03.05-20.46.09:031][  0]LogPakFile: OnPakFileMounted2Time == 0.000048
[2023.03.05-20.46.09:032][  0]LogPakFile: PakFile PrimaryIndexSize=184
[2023.03.05-20.46.09:032][  0]LogPakFile: PakFile PathHashIndexSize=101
[2023.03.05-20.46.09:032][  0]LogPakFile: PakFile FullDirectoryIndexSize=142
[2023.03.05-20.46.09:032][  0]LogShaderLibrary: Display: ShaderCodeLibraryPakFileMountedCallback: PakFile 'D:/Epic Games/UE_4.27/FeaturePacks/TP_FlyingBP.upack' (chunk index -1, root 'root:/') mounted
[2023.03.05-20.46.09:032][  0]LogShaderLibrary: Display: ShaderCodeLibraryPakFileMountedCallback: pending pak file info (ChunkID:-1 Root:root:/ File:D:/Epic Games/UE_4.27/FeaturePacks/TP_FlyingBP.upack)
[2023.03.05-20.46.09:032][  0]LogPakFile: OnPakFileMounted2Time == 0.000050
[2023.03.05-20.46.09:033][  0]LogPakFile: PakFile PrimaryIndexSize=188
[2023.03.05-20.46.09:033][  0]LogPakFile: PakFile PathHashIndexSize=101
[2023.03.05-20.46.09:033][  0]LogPakFile: PakFile FullDirectoryIndexSize=150
[2023.03.05-20.46.09:033][  0]LogShaderLibrary: Display: ShaderCodeLibraryPakFileMountedCallback: PakFile 'D:/Epic Games/UE_4.27/FeaturePacks/TP_HandheldARBP.upack' (chunk index -1, root 'root:/') mounted
[2023.03.05-20.46.09:033][  0]LogShaderLibrary: Display: ShaderCodeLibraryPakFileMountedCallback: pending pak file info (ChunkID:-1 Root:root:/ File:D:/Epic Games/UE_4.27/FeaturePacks/TP_HandheldARBP.upack)
[2023.03.05-20.46.09:033][  0]LogPakFile: OnPakFileMounted2Time == 0.000053
[2023.03.05-20.46.09:034][  0]LogPakFile: PakFile PrimaryIndexSize=182
[2023.03.05-20.46.09:034][  0]LogPakFile: PakFile PathHashIndexSize=101
[2023.03.05-20.46.09:034][  0]LogPakFile: PakFile FullDirectoryIndexSize=138
[2023.03.05-20.46.09:034][  0]LogShaderLibrary: Display: ShaderCodeLibraryPakFileMountedCallback: PakFile 'D:/Epic Games/UE_4.27/FeaturePacks/TP_Puzzle.upack' (chunk index -1, root 'root:/') mounted
[2023.03.05-20.46.09:035][  0]LogShaderLibrary: Display: ShaderCodeLibraryPakFileMountedCallback: pending pak file info (ChunkID:-1 Root:root:/ File:D:/Epic Games/UE_4.27/FeaturePacks/TP_Puzzle.upack)
[2023.03.05-20.46.09:035][  0]LogPakFile: OnPakFileMounted2Time == 0.000048
[2023.03.05-20.46.09:035][  0]LogPakFile: PakFile PrimaryIndexSize=184
[2023.03.05-20.46.09:035][  0]LogPakFile: PakFile PathHashIndexSize=101
[2023.03.05-20.46.09:035][  0]LogPakFile: PakFile FullDirectoryIndexSize=142
[2023.03.05-20.46.09:036][  0]LogShaderLibrary: Display: ShaderCodeLibraryPakFileMountedCallback: PakFile 'D:/Epic Games/UE_4.27/FeaturePacks/TP_PuzzleBP.upack' (chunk index -1, root 'root:/') mounted
[2023.03.05-20.46.09:036][  0]LogShaderLibrary: Display: ShaderCodeLibraryPakFileMountedCallback: pending pak file info (ChunkID:-1 Root:root:/ File:D:/Epic Games/UE_4.27/FeaturePacks/TP_PuzzleBP.upack)
[2023.03.05-20.46.09:036][  0]LogPakFile: OnPakFileMounted2Time == 0.000059
[2023.03.05-20.46.09:036][  0]LogPakFile: PakFile PrimaryIndexSize=183
[2023.03.05-20.46.09:036][  0]LogPakFile: PakFile PathHashIndexSize=101
[2023.03.05-20.46.09:036][  0]LogPakFile: PakFile FullDirectoryIndexSize=140
[2023.03.05-20.46.09:037][  0]LogShaderLibrary: Display: ShaderCodeLibraryPakFileMountedCallback: PakFile 'D:/Epic Games/UE_4.27/FeaturePacks/TP_Rolling.upack' (chunk index -1, root 'root:/') mounted
[2023.03.05-20.46.09:037][  0]LogShaderLibrary: Display: ShaderCodeLibraryPakFileMountedCallback: pending pak file info (ChunkID:-1 Root:root:/ File:D:/Epic Games/UE_4.27/FeaturePacks/TP_Rolling.upack)
[2023.03.05-20.46.09:037][  0]LogPakFile: OnPakFileMounted2Time == 0.000096
[2023.03.05-20.46.09:038][  0]LogPakFile: PakFile PrimaryIndexSize=185
[2023.03.05-20.46.09:038][  0]LogPakFile: PakFile PathHashIndexSize=101
[2023.03.05-20.46.09:038][  0]LogPakFile: PakFile FullDirectoryIndexSize=144
[2023.03.05-20.46.09:038][  0]LogShaderLibrary: Display: ShaderCodeLibraryPakFileMountedCallback: PakFile 'D:/Epic Games/UE_4.27/FeaturePacks/TP_RollingBP.upack' (chunk index -1, root 'root:/') mounted
[2023.03.05-20.46.09:038][  0]LogShaderLibrary: Display: ShaderCodeLibraryPakFileMountedCallback: pending pak file info (ChunkID:-1 Root:root:/ File:D:/Epic Games/UE_4.27/FeaturePacks/TP_RollingBP.upack)
[2023.03.05-20.46.09:038][  0]LogPakFile: OnPakFileMounted2Time == 0.000048
[2023.03.05-20.46.09:039][  0]LogPakFile: PakFile PrimaryIndexSize=188
[2023.03.05-20.46.09:039][  0]LogPakFile: PakFile PathHashIndexSize=101
[2023.03.05-20.46.09:039][  0]LogPakFile: PakFile FullDirectoryIndexSize=150
[2023.03.05-20.46.09:039][  0]LogShaderLibrary: Display: ShaderCodeLibraryPakFileMountedCallback: PakFile 'D:/Epic Games/UE_4.27/FeaturePacks/TP_SideScroller.upack' (chunk index -1, root 'root:/') mounted
[2023.03.05-20.46.09:039][  0]LogShaderLibrary: Display: ShaderCodeLibraryPakFileMountedCallback: pending pak file info (ChunkID:-1 Root:root:/ File:D:/Epic Games/UE_4.27/FeaturePacks/TP_SideScroller.upack)
[2023.03.05-20.46.09:039][  0]LogPakFile: OnPakFileMounted2Time == 0.000046
[2023.03.05-20.46.09:040][  0]LogPakFile: PakFile PrimaryIndexSize=190
[2023.03.05-20.46.09:040][  0]LogPakFile: PakFile PathHashIndexSize=101
[2023.03.05-20.46.09:040][  0]LogPakFile: PakFile FullDirectoryIndexSize=154
[2023.03.05-20.46.09:040][  0]LogShaderLibrary: Display: ShaderCodeLibraryPakFileMountedCallback: PakFile 'D:/Epic Games/UE_4.27/FeaturePacks/TP_SideScrollerBP.upack' (chunk index -1, root 'root:/') mounted
[2023.03.05-20.46.09:040][  0]LogShaderLibrary: Display: ShaderCodeLibraryPakFileMountedCallback: pending pak file info (ChunkID:-1 Root:root:/ File:D:/Epic Games/UE_4.27/FeaturePacks/TP_SideScrollerBP.upack)
[2023.03.05-20.46.09:040][  0]LogPakFile: OnPakFileMounted2Time == 0.000045
[2023.03.05-20.46.09:041][  0]LogPakFile: PakFile PrimaryIndexSize=187
[2023.03.05-20.46.09:041][  0]LogPakFile: PakFile PathHashIndexSize=101
[2023.03.05-20.46.09:041][  0]LogPakFile: PakFile FullDirectoryIndexSize=148
[2023.03.05-20.46.09:041][  0]LogShaderLibrary: Display: ShaderCodeLibraryPakFileMountedCallback: PakFile 'D:/Epic Games/UE_4.27/FeaturePacks/TP_ThirdPerson.upack' (chunk index -1, root 'root:/') mounted
[2023.03.05-20.46.09:041][  0]LogShaderLibrary: Display: ShaderCodeLibraryPakFileMountedCallback: pending pak file info (ChunkID:-1 Root:root:/ File:D:/Epic Games/UE_4.27/FeaturePacks/TP_ThirdPerson.upack)
[2023.03.05-20.46.09:041][  0]LogPakFile: OnPakFileMounted2Time == 0.000047
[2023.03.05-20.46.09:042][  0]LogPakFile: PakFile PrimaryIndexSize=189
[2023.03.05-20.46.09:042][  0]LogPakFile: PakFile PathHashIndexSize=101
[2023.03.05-20.46.09:042][  0]LogPakFile: PakFile FullDirectoryIndexSize=152
[2023.03.05-20.46.09:042][  0]LogShaderLibrary: Display: ShaderCodeLibraryPakFileMountedCallback: PakFile 'D:/Epic Games/UE_4.27/FeaturePacks/TP_ThirdPersonBP.upack' (chunk index -1, root 'root:/') mounted
[2023.03.05-20.46.09:042][  0]LogShaderLibrary: Display: ShaderCodeLibraryPakFileMountedCallback: pending pak file info (ChunkID:-1 Root:root:/ File:D:/Epic Games/UE_4.27/FeaturePacks/TP_ThirdPersonBP.upack)
[2023.03.05-20.46.09:042][  0]LogPakFile: OnPakFileMounted2Time == 0.000055
[2023.03.05-20.46.09:044][  0]LogPakFile: PakFile PrimaryIndexSize=183
[2023.03.05-20.46.09:044][  0]LogPakFile: PakFile PathHashIndexSize=101
[2023.03.05-20.46.09:044][  0]LogPakFile: PakFile FullDirectoryIndexSize=140
[2023.03.05-20.46.09:044][  0]LogShaderLibrary: Display: ShaderCodeLibraryPakFileMountedCallback: PakFile 'D:/Epic Games/UE_4.27/FeaturePacks/TP_TopDown.upack' (chunk index -1, root 'root:/') mounted
[2023.03.05-20.46.09:044][  0]LogShaderLibrary: Display: ShaderCodeLibraryPakFileMountedCallback: pending pak file info (ChunkID:-1 Root:root:/ File:D:/Epic Games/UE_4.27/FeaturePacks/TP_TopDown.upack)
[2023.03.05-20.46.09:044][  0]LogPakFile: OnPakFileMounted2Time == 0.000061
[2023.03.05-20.46.09:044][  0]LogPakFile: PakFile PrimaryIndexSize=185
[2023.03.05-20.46.09:044][  0]LogPakFile: PakFile PathHashIndexSize=101
[2023.03.05-20.46.09:044][  0]LogPakFile: PakFile FullDirectoryIndexSize=144
[2023.03.05-20.46.09:044][  0]LogShaderLibrary: Display: ShaderCodeLibraryPakFileMountedCallback: PakFile 'D:/Epic Games/UE_4.27/FeaturePacks/TP_TopDownBP.upack' (chunk index -1, root 'root:/') mounted
[2023.03.05-20.46.09:044][  0]LogShaderLibrary: Display: ShaderCodeLibraryPakFileMountedCallback: pending pak file info (ChunkID:-1 Root:root:/ File:D:/Epic Games/UE_4.27/FeaturePacks/TP_TopDownBP.upack)
[2023.03.05-20.46.09:044][  0]LogPakFile: OnPakFileMounted2Time == 0.000047
[2023.03.05-20.46.09:045][  0]LogPakFile: PakFile PrimaryIndexSize=185
[2023.03.05-20.46.09:045][  0]LogPakFile: PakFile PathHashIndexSize=101
[2023.03.05-20.46.09:045][  0]LogPakFile: PakFile FullDirectoryIndexSize=144
[2023.03.05-20.46.09:045][  0]LogShaderLibrary: Display: ShaderCodeLibraryPakFileMountedCallback: PakFile 'D:/Epic Games/UE_4.27/FeaturePacks/TP_TwinStick.upack' (chunk index -1, root 'root:/') mounted
[2023.03.05-20.46.09:045][  0]LogShaderLibrary: Display: ShaderCodeLibraryPakFileMountedCallback: pending pak file info (ChunkID:-1 Root:root:/ File:D:/Epic Games/UE_4.27/FeaturePacks/TP_TwinStick.upack)
[2023.03.05-20.46.09:046][  0]LogPakFile: OnPakFileMounted2Time == 0.000053
[2023.03.05-20.46.09:047][  0]LogPakFile: PakFile PrimaryIndexSize=187
[2023.03.05-20.46.09:047][  0]LogPakFile: PakFile PathHashIndexSize=101
[2023.03.05-20.46.09:047][  0]LogPakFile: PakFile FullDirectoryIndexSize=148
[2023.03.05-20.46.09:047][  0]LogShaderLibrary: Display: ShaderCodeLibraryPakFileMountedCallback: PakFile 'D:/Epic Games/UE_4.27/FeaturePacks/TP_TwinStickBP.upack' (chunk index -1, root 'root:/') mounted
[2023.03.05-20.46.09:047][  0]LogShaderLibrary: Display: ShaderCodeLibraryPakFileMountedCallback: pending pak file info (ChunkID:-1 Root:root:/ File:D:/Epic Games/UE_4.27/FeaturePacks/TP_TwinStickBP.upack)
[2023.03.05-20.46.09:047][  0]LogPakFile: OnPakFileMounted2Time == 0.000050
[2023.03.05-20.46.09:048][  0]LogPakFile: PakFile PrimaryIndexSize=183
[2023.03.05-20.46.09:048][  0]LogPakFile: PakFile PathHashIndexSize=101
[2023.03.05-20.46.09:048][  0]LogPakFile: PakFile FullDirectoryIndexSize=140
[2023.03.05-20.46.09:048][  0]LogShaderLibrary: Display: ShaderCodeLibraryPakFileMountedCallback: PakFile 'D:/Epic Games/UE_4.27/FeaturePacks/TP_Vehicle.upack' (chunk index -1, root 'root:/') mounted
[2023.03.05-20.46.09:048][  0]LogShaderLibrary: Display: ShaderCodeLibraryPakFileMountedCallback: pending pak file info (ChunkID:-1 Root:root:/ File:D:/Epic Games/UE_4.27/FeaturePacks/TP_Vehicle.upack)
[2023.03.05-20.46.09:048][  0]LogPakFile: OnPakFileMounted2Time == 0.000083
[2023.03.05-20.46.09:050][  0]LogPakFile: PakFile PrimaryIndexSize=186
[2023.03.05-20.46.09:050][  0]LogPakFile: PakFile PathHashIndexSize=101
[2023.03.05-20.46.09:050][  0]LogPakFile: PakFile FullDirectoryIndexSize=146
[2023.03.05-20.46.09:050][  0]LogShaderLibrary: Display: ShaderCodeLibraryPakFileMountedCallback: PakFile 'D:/Epic Games/UE_4.27/FeaturePacks/TP_VehicleAdv.upack' (chunk index -1, root 'root:/') mounted
[2023.03.05-20.46.09:050][  0]LogShaderLibrary: Display: ShaderCodeLibraryPakFileMountedCallback: pending pak file info (ChunkID:-1 Root:root:/ File:D:/Epic Games/UE_4.27/FeaturePacks/TP_VehicleAdv.upack)
[2023.03.05-20.46.09:050][  0]LogPakFile: OnPakFileMounted2Time == 0.000049
[2023.03.05-20.46.09:051][  0]LogPakFile: PakFile PrimaryIndexSize=188
[2023.03.05-20.46.09:051][  0]LogPakFile: PakFile PathHashIndexSize=101
[2023.03.05-20.46.09:051][  0]LogPakFile: PakFile FullDirectoryIndexSize=150
[2023.03.05-20.46.09:051][  0]LogShaderLibrary: Display: ShaderCodeLibraryPakFileMountedCallback: PakFile 'D:/Epic Games/UE_4.27/FeaturePacks/TP_VehicleAdvBP.upack' (chunk index -1, root 'root:/') mounted
[2023.03.05-20.46.09:051][  0]LogShaderLibrary: Display: ShaderCodeLibraryPakFileMountedCallback: pending pak file info (ChunkID:-1 Root:root:/ File:D:/Epic Games/UE_4.27/FeaturePacks/TP_VehicleAdvBP.upack)
[2023.03.05-20.46.09:051][  0]LogPakFile: OnPakFileMounted2Time == 0.000058
[2023.03.05-20.46.09:052][  0]LogPakFile: PakFile PrimaryIndexSize=185
[2023.03.05-20.46.09:052][  0]LogPakFile: PakFile PathHashIndexSize=101
[2023.03.05-20.46.09:052][  0]LogPakFile: PakFile FullDirectoryIndexSize=144
[2023.03.05-20.46.09:052][  0]LogShaderLibrary: Display: ShaderCodeLibraryPakFileMountedCallback: PakFile 'D:/Epic Games/UE_4.27/FeaturePacks/TP_VehicleBP.upack' (chunk index -1, root 'root:/') mounted
[2023.03.05-20.46.09:052][  0]LogShaderLibrary: Display: ShaderCodeLibraryPakFileMountedCallback: pending pak file info (ChunkID:-1 Root:root:/ File:D:/Epic Games/UE_4.27/FeaturePacks/TP_VehicleBP.upack)
[2023.03.05-20.46.09:052][  0]LogPakFile: OnPakFileMounted2Time == 0.000053
[2023.03.05-20.46.09:053][  0]LogPakFile: PakFile PrimaryIndexSize=192
[2023.03.05-20.46.09:053][  0]LogPakFile: PakFile PathHashIndexSize=101
[2023.03.05-20.46.09:053][  0]LogPakFile: PakFile FullDirectoryIndexSize=158
[2023.03.05-20.46.09:053][  0]LogShaderLibrary: Display: ShaderCodeLibraryPakFileMountedCallback: PakFile 'D:/Epic Games/UE_4.27/FeaturePacks/TP_VirtualRealityBP.upack' (chunk index -1, root 'root:/') mounted
[2023.03.05-20.46.09:053][  0]LogShaderLibrary: Display: ShaderCodeLibraryPakFileMountedCallback: pending pak file info (ChunkID:-1 Root:root:/ File:D:/Epic Games/UE_4.27/FeaturePacks/TP_VirtualRealityBP.upack)
[2023.03.05-20.46.09:053][  0]LogPakFile: OnPakFileMounted2Time == 0.000052
[2023.03.05-20.46.09:156][  0]LogNativeClassHierarchy: Verbose: Native class hierarchy updated for 'AddContentDialog' in 0.0004 seconds. Added 0 classes and 0 folders.
[2023.03.05-20.46.09:159][  0]LogNativeClassHierarchy: Verbose: Native class hierarchy updated for 'SceneOutliner' in 0.0004 seconds. Added 2 classes and 0 folders.
[2023.03.05-20.46.09:191][  0]LogSlate: Took 0.000390 seconds to synchronously load lazily loaded font '../../../Engine/Content/Slate/Fonts/Roboto-Regular.ttf' (155K)
[2023.03.05-20.46.09:192][  0]LogSlate: Took 0.000262 seconds to synchronously load lazily loaded font '../../../Engine/Content/Editor/Slate/Fonts/FontAwesome.ttf' (139K)
[2023.03.05-20.46.09:198][  0]LogSlate: Took 0.000402 seconds to synchronously load lazily loaded font '../../../Engine/Content/Slate/Fonts/Roboto-Bold.ttf' (160K)
[2023.03.05-20.46.09:354][  0]LogRenderer: Reallocating scene render targets to support 2388x892 Format 10 NumSamples 1 (Frame:1).
[2023.03.05-20.46.09:530][  0]LogNativeClassHierarchy: Verbose: Native class hierarchy updated for 'HierarchicalLODOutliner' in 0.0005 seconds. Added 0 classes and 0 folders.
[2023.03.05-20.46.09:531][  0]LogLoad: (Engine Initialization) Total time: 16.64 seconds
[2023.03.05-20.46.09:531][  0]LogLoad: (Engine Initialization) Total Blueprint compile time: 0.00 seconds
[2023.03.05-20.46.09:551][  0]LogOcInput: OculusInput is initialized
[2023.03.05-20.46.09:608][  0]LogContentStreaming: Texture pool size now 1000 MB
[2023.03.05-20.46.09:625][  1]LogAssetRegistry: Asset discovery search completed in 10.2341 seconds
[2023.03.05-20.46.09:639][  1]LogCollectionManager: Fixed up redirectors for 0 collections in 0.000004 seconds (updated 0 objects)
[2023.03.05-20.46.14:731][301]LogTcpMessaging: Started Connection to '127.0.0.1:6666'
[2023.03.05-20.47.24:710][475]LogPlayLevel: PlayLevel: No blueprints needed recompiling
[2023.03.05-20.47.24:711][475]PIE: New page: PIE session: Untitled_1 (5 Mar 2023, 22:47:24)
[2023.03.05-20.47.24:713][475]LogOnline: OSS: Creating online subsystem instance for: NULL
[2023.03.05-20.47.24:715][475]LogOnline: OSS: TryLoadSubsystemAndSetDefault: Loaded subsystem for module [NULL]
[2023.03.05-20.47.24:715][475]LogPlayLevel: Creating play world package: /Temp/UEDPIE_0_Untitled_1
[2023.03.05-20.47.24:721][475]LogPlayLevel: PIE: StaticDuplicateObject took: (0.005540s)
[2023.03.05-20.47.24:723][475]LogAIModule: Creating AISystem for world Untitled_1
[2023.03.05-20.47.24:723][475]LogPlayLevel: PIE: World Init took: (0.001891s)
[2023.03.05-20.47.24:723][475]LogPlayLevel: PIE: Created PIE world by copying editor world from /Temp/Untitled_1.Untitled_1 to /Temp/UEDPIE_0_Untitled_1.Untitled_1 (0.007669s)
[2023.03.05-20.47.24:734][475]LogUObjectHash: Compacting FUObjectHashTables data took   0.89ms
[2023.03.05-20.47.24:735][475]LogAudio: Display: Creating Audio Device:                 Id: 2, Scope: Unique, Realtime: True
[2023.03.05-20.47.24:735][475]LogAudioMixer: Display: Audio Mixer Platform Settings:
[2023.03.05-20.47.24:735][475]LogAudioMixer: Display: 	Sample Rate:						  48000
[2023.03.05-20.47.24:735][475]LogAudioMixer: Display: 	Callback Buffer Frame Size Requested: 1024
[2023.03.05-20.47.24:735][475]LogAudioMixer: Display: 	Callback Buffer Frame Size To Use:	  1024
[2023.03.05-20.47.24:735][475]LogAudioMixer: Display: 	Number of buffers to queue:			  2
[2023.03.05-20.47.24:735][475]LogAudioMixer: Display: 	Max Channels (voices):				  32
[2023.03.05-20.47.24:735][475]LogAudioMixer: Display: 	Number of Async Source Workers:		  0
[2023.03.05-20.47.24:735][475]LogAudio: Display: AudioDevice MaxSources: 32
[2023.03.05-20.47.24:735][475]LogAudio: Display: Audio Spatialization Plugin: None (built-in).
[2023.03.05-20.47.24:735][475]LogAudio: Display: Audio Reverb Plugin: None (built-in).
[2023.03.05-20.47.24:735][475]LogAudio: Display: Audio Occlusion Plugin: None (built-in).
[2023.03.05-20.47.24:735][475]LogAudioMixer: Display: Initializing audio mixer.
[2023.03.05-20.47.24:862][475]LogAudioMixer: Display: 0: FrontLeft
[2023.03.05-20.47.24:862][475]LogAudioMixer: Display: 1: FrontRight
[2023.03.05-20.47.24:864][475]LogAudioMixer: Display: 0: FrontLeft
[2023.03.05-20.47.24:864][475]LogAudioMixer: Display: 1: FrontRight
[2023.03.05-20.47.24:866][475]LogAudioMixer: Display: 0: FrontLeft
[2023.03.05-20.47.24:866][475]LogAudioMixer: Display: 1: FrontRight
[2023.03.05-20.47.24:868][475]LogAudioMixer: Display: 0: FrontLeft
[2023.03.05-20.47.24:868][475]LogAudioMixer: Display: 1: FrontRight
[2023.03.05-20.47.24:873][475]LogAudioMixer: Display: 0: FrontLeft
[2023.03.05-20.47.24:873][475]LogAudioMixer: Display: 1: FrontRight
[2023.03.05-20.47.24:888][475]LogAudioMixer: Display: Using Audio Device Headphones (Oculus Virtual Audio Device)
[2023.03.05-20.47.24:888][475]LogAudioMixer: Display: Initializing Sound Submixes...
[2023.03.05-20.47.24:888][475]LogAudioMixer: Display: Creating Master Submix 'MasterSubmixDefault'
[2023.03.05-20.47.24:889][475]LogAudioMixer: Display: Creating Master Submix 'MasterReverbSubmixDefault'
[2023.03.05-20.47.24:889][475]LogAudioMixer: Display: Creating Master Submix 'MasterEQSubmixDefault'
[2023.03.05-20.47.24:889][475]LogAudioMixer: FMixerPlatformXAudio2::StartAudioStream() called
[2023.03.05-20.47.24:889][475]LogAudioMixer: Display: Output buffers initialized: Frames=1024, Channels=2, Samples=2048
[2023.03.05-20.47.24:890][475]LogAudioMixer: Display: Starting AudioMixerPlatformInterface::RunInternal()
[2023.03.05-20.47.24:890][475]LogAudioMixer: Display: FMixerPlatformXAudio2::SubmitBuffer() called for the first time
[2023.03.05-20.47.24:890][475]LogInit: FAudioDevice initialized.
[2023.03.05-20.47.24:890][475]LogAudio: Display: Audio Device (ID: 2) registered with world 'Untitled_1'.
[2023.03.05-20.47.24:915][475]LogSlate: Updating window title bar state: overlay mode, drag disabled, window buttons hidden, title bar hidden
[2023.03.05-20.47.24:968][475]LogHMD: Allocating Oculus 3648 x 1840 rendertarget swapchain
[2023.03.05-20.47.25:018][475]LogLoad: Game class is 'GameModeBase'
[2023.03.05-20.47.25:022][475]LogWorld: Bringing World /Temp/UEDPIE_0_Untitled_1.Untitled_1 up for play (max tick rate 0) at 2023.03.05-21.47.25
[2023.03.05-20.47.25:023][475]LogWorld: Bringing up level for play took: 0.003069
[2023.03.05-20.47.25:023][475]LogOnline: OSS: Creating online subsystem instance for: :Context_1
[2023.03.05-20.47.25:027][475]LogNativeClassHierarchy: Verbose: Native class hierarchy updated for 'MovieSceneCapture' in 0.0004 seconds. Added 20 classes and 0 folders.
[2023.03.05-20.47.25:032][475]PIE: Server logged in
[2023.03.05-20.47.25:033][475]PIE: Play in editor total start time 0.324 seconds.
[2023.03.05-20.47.25:043][475]LogEngine: Changing dynamic resolution state.
[2023.03.05-20.47.25:059][475]LogRenderer: Warning: Resizing VR buffer to 3648 by 1840
[2023.03.05-20.47.25:059][475]LogRenderer: Reallocating scene render targets to support 3648x1840 Format 10 NumSamples 1 (Frame:1).
[2023.03.05-20.47.25:059][475]LogHMD: Allocating Oculus 3648 x 1840 depth rendertarget swapchain
[2023.03.05-20.48.10:976][ 84]LogSlate: Updating window title bar state: overlay mode, drag disabled, window buttons hidden, title bar hidden
[2023.03.05-20.48.10:976][ 84]LogWorld: BeginTearingDown for /Temp/UEDPIE_0_Untitled_1
[2023.03.05-20.48.10:978][ 84]LogSlate: Window 'ArchitectureExplorer Preview [NetMode: Standalone]  (64-bit/Windows) OculusHMD' being destroyed
[2023.03.05-20.48.11:017][ 84]LogWorld: UWorld::CleanupWorld for Untitled_1, bSessionEnded=true, bCleanupResources=true
[2023.03.05-20.48.11:017][ 84]LogSlate: InvalidateAllWidgets triggered.  All widgets were invalidated
[2023.03.05-20.48.11:032][ 84]LogPlayLevel: Display: Shutting down PIE online subsystems
[2023.03.05-20.48.11:034][ 84]LogSlate: InvalidateAllWidgets triggered.  All widgets were invalidated
[2023.03.05-20.48.11:043][ 84]LogAudio: Display: Audio Device unregistered from world 'None'.
[2023.03.05-20.48.11:043][ 84]LogAudioMixer: FMixerPlatformXAudio2::StopAudioStream() called
[2023.03.05-20.48.11:045][ 84]LogAudioMixer: FMixerPlatformXAudio2::StopAudioStream() called
[2023.03.05-20.48.11:063][ 84]LogUObjectHash: Compacting FUObjectHashTables data took   1.48ms
[2023.03.05-20.48.11:088][ 85]LogPlayLevel: Display: Destroying online subsystem :Context_1
[2023.03.05-20.48.11:099][ 85]LogEngine: Changing dynamic resolution state.
